2025/10/30 08:29:25 INFO: HTTPS is enabled but cannot find the private key and/or certificate. Attempting to generate them
2025/10/30 08:29:25 INFO: Generated private key file in WAZUH_PATH/api/configuration/ssl/server.key
2025/10/30 08:29:25 INFO: Generated certificate file in WAZUH_PATH/api/configuration/ssl/server.crt
2025/10/30 08:29:25 INFO: Checking RBAC database integrity...
2025/10/30 08:29:25 INFO: RBAC database not found. Initializing
2025/10/30 08:29:27 INFO: /var/ossec/api/configuration/security/rbac.db database created successfully
2025/10/30 08:29:27 INFO: RBAC database integrity check finished successfully
2025/10/30 08:29:31 INFO: Listening on ['0.0.0.0', '::']:55000.
2025/10/30 08:29:31 INFO: Populating installation UID...
2025/10/30 08:29:31 INFO: Getting updates information...
2025/10/30 08:34:32 INFO: HTTPS is enabled but cannot find the private key and/or certificate. Attempting to generate them
2025/10/30 08:34:32 INFO: Generated private key file in WAZUH_PATH/api/configuration/ssl/server.key
2025/10/30 08:34:32 INFO: Generated certificate file in WAZUH_PATH/api/configuration/ssl/server.crt
2025/10/30 08:34:32 INFO: Checking RBAC database integrity...
2025/10/30 08:34:32 INFO: RBAC database not found. Initializing
2025/10/30 08:34:33 INFO: /var/ossec/api/configuration/security/rbac.db database created successfully
2025/10/30 08:34:33 INFO: RBAC database integrity check finished successfully
2025/10/30 08:34:38 INFO: Listening on ['0.0.0.0', '::']:55000.
2025/10/30 08:34:38 INFO: Populating installation UID...
2025/10/30 08:34:38 INFO: Getting updates information...
2025/10/30 08:47:09 INFO: HTTPS is enabled but cannot find the private key and/or certificate. Attempting to generate them
2025/10/30 08:47:09 INFO: Generated private key file in WAZUH_PATH/api/configuration/ssl/server.key
2025/10/30 08:47:09 INFO: Generated certificate file in WAZUH_PATH/api/configuration/ssl/server.crt
2025/10/30 08:47:09 INFO: Checking RBAC database integrity...
2025/10/30 08:47:09 INFO: RBAC database not found. Initializing
2025/10/30 08:47:11 INFO: /var/ossec/api/configuration/security/rbac.db database created successfully
2025/10/30 08:47:11 INFO: RBAC database integrity check finished successfully
2025/10/30 08:47:16 INFO: Listening on ['0.0.0.0', '::']:55000.
2025/10/30 08:47:16 INFO: Populating installation UID...
2025/10/30 08:47:16 INFO: Getting updates information...
2025/10/30 08:49:56 INFO: HTTPS is enabled but cannot find the private key and/or certificate. Attempting to generate them
2025/10/30 08:49:56 INFO: Generated private key file in WAZUH_PATH/api/configuration/ssl/server.key
2025/10/30 08:49:56 INFO: Generated certificate file in WAZUH_PATH/api/configuration/ssl/server.crt
2025/10/30 08:49:56 INFO: Checking RBAC database integrity...
2025/10/30 08:49:56 INFO: RBAC database not found. Initializing
2025/10/30 08:49:58 INFO: /var/ossec/api/configuration/security/rbac.db database created successfully
2025/10/30 08:49:58 INFO: RBAC database integrity check finished successfully
2025/10/30 08:50:03 INFO: Listening on ['0.0.0.0', '::']:55000.
2025/10/30 08:50:03 INFO: Populating installation UID...
2025/10/30 08:50:03 INFO: Getting updates information...
2025/10/30 08:54:03 INFO: HTTPS is enabled but cannot find the private key and/or certificate. Attempting to generate them
2025/10/30 08:54:04 INFO: Generated private key file in WAZUH_PATH/api/configuration/ssl/server.key
2025/10/30 08:54:04 INFO: Generated certificate file in WAZUH_PATH/api/configuration/ssl/server.crt
2025/10/30 08:54:04 INFO: Checking RBAC database integrity...
2025/10/30 08:54:04 INFO: RBAC database not found. Initializing
2025/10/30 08:54:06 INFO: /var/ossec/api/configuration/security/rbac.db database created successfully
2025/10/30 08:54:06 INFO: RBAC database integrity check finished successfully
2025/10/30 08:54:26 INFO: HTTPS is enabled but cannot find the private key and/or certificate. Attempting to generate them
2025/10/30 08:54:26 INFO: Generated private key file in WAZUH_PATH/api/configuration/ssl/server.key
2025/10/30 08:54:26 INFO: Generated certificate file in WAZUH_PATH/api/configuration/ssl/server.crt
2025/10/30 08:54:26 INFO: Checking RBAC database integrity...
2025/10/30 08:54:26 INFO: RBAC database not found. Initializing
2025/10/30 08:54:29 INFO: /var/ossec/api/configuration/security/rbac.db database created successfully
2025/10/30 08:54:29 INFO: RBAC database integrity check finished successfully
2025/10/30 08:54:34 INFO: Listening on ['0.0.0.0', '::']:55000.
2025/10/30 08:54:34 INFO: Populating installation UID...
2025/10/30 08:54:34 INFO: Getting updates information...
2025/10/30 09:08:00 INFO: Checking RBAC database integrity...
2025/10/30 09:08:00 INFO: /var/ossec/api/configuration/security/rbac.db file was detected
2025/10/30 09:08:00 INFO: RBAC database integrity check finished successfully
2025/10/30 09:08:03 INFO: Listening on ['0.0.0.0', '::']:55000.
2025/10/30 09:08:03 INFO: Getting installation UID...
2025/10/30 09:08:03 INFO: Getting updates information...
2025/10/30 09:29:24 INFO: HTTPS is enabled but cannot find the private key and/or certificate. Attempting to generate them
2025/10/30 09:29:24 INFO: Generated private key file in WAZUH_PATH/api/configuration/ssl/server.key
2025/10/30 09:29:24 INFO: Generated certificate file in WAZUH_PATH/api/configuration/ssl/server.crt
2025/10/30 09:29:24 INFO: Checking RBAC database integrity...
2025/10/30 09:29:24 INFO: RBAC database not found. Initializing
2025/10/30 09:29:26 INFO: /var/ossec/api/configuration/security/rbac.db database created successfully
2025/10/30 09:29:26 INFO: RBAC database integrity check finished successfully
2025/10/30 09:29:31 INFO: Listening on ['0.0.0.0', '::']:55000.
2025/10/30 09:29:31 INFO: Populating installation UID...
2025/10/30 09:29:31 INFO: Getting updates information...
2025/10/30 12:55:54 INFO: Checking RBAC database integrity...
2025/10/30 12:55:54 INFO: /var/ossec/api/configuration/security/rbac.db file was detected
2025/10/30 12:55:54 INFO: RBAC database integrity check finished successfully
2025/10/30 12:55:58 INFO: Listening on ['0.0.0.0', '::']:55000.
2025/10/30 12:55:58 INFO: Getting installation UID...
2025/10/30 12:55:58 INFO: Getting updates information...
2025/10/30 13:43:37 INFO: HTTPS is enabled but cannot find the private key and/or certificate. Attempting to generate them
2025/10/30 13:43:37 INFO: Generated private key file in WAZUH_PATH/api/configuration/ssl/server.key
2025/10/30 13:43:37 INFO: Generated certificate file in WAZUH_PATH/api/configuration/ssl/server.crt
2025/10/30 13:43:37 INFO: Checking RBAC database integrity...
2025/10/30 13:43:37 INFO: RBAC database not found. Initializing
2025/10/30 13:43:39 INFO: /var/ossec/api/configuration/security/rbac.db database created successfully
2025/10/30 13:43:39 INFO: RBAC database integrity check finished successfully
2025/10/30 13:43:44 INFO: Listening on ['0.0.0.0', '::']:55000.
2025/10/30 13:43:44 INFO: Populating installation UID...
2025/10/30 13:43:44 INFO: Getting updates information...
2025/10/30 13:44:09 INFO: Checking RBAC database integrity...
2025/10/30 13:44:09 INFO: /var/ossec/api/configuration/security/rbac.db file was detected
2025/10/30 13:44:09 INFO: RBAC database integrity check finished successfully
2025/10/30 13:44:12 INFO: Listening on ['0.0.0.0', '::']:55000.
2025/10/30 13:44:12 INFO: Getting installation UID...
2025/10/30 13:44:12 INFO: Getting updates information...
2025/10/30 13:46:36 INFO: Checking RBAC database integrity...
2025/10/30 13:46:36 INFO: /var/ossec/api/configuration/security/rbac.db file was detected
2025/10/30 13:46:36 INFO: RBAC database integrity check finished successfully
2025/10/30 13:46:39 INFO: Listening on ['0.0.0.0', '::']:55000.
2025/10/30 13:46:39 INFO: Getting installation UID...
2025/10/30 13:46:39 INFO: Getting updates information...
2025/10/30 13:50:40 INFO: Checking RBAC database integrity...
2025/10/30 13:50:40 INFO: /var/ossec/api/configuration/security/rbac.db file was detected
2025/10/30 13:50:40 INFO: RBAC database integrity check finished successfully
2025/10/30 13:50:43 INFO: Listening on ['0.0.0.0', '::']:55000.
2025/10/30 13:50:43 INFO: Getting installation UID...
2025/10/30 13:50:43 INFO: Getting updates information...
2025/10/30 13:59:23 INFO: HTTPS is enabled but cannot find the private key and/or certificate. Attempting to generate them
2025/10/30 13:59:23 INFO: Generated private key file in WAZUH_PATH/api/configuration/ssl/server.key
2025/10/30 13:59:23 INFO: Generated certificate file in WAZUH_PATH/api/configuration/ssl/server.crt
2025/10/30 13:59:23 INFO: Checking RBAC database integrity...
2025/10/30 13:59:23 INFO: RBAC database not found. Initializing
2025/10/30 13:59:24 INFO: /var/ossec/api/configuration/security/rbac.db database created successfully
2025/10/30 13:59:24 INFO: RBAC database integrity check finished successfully
2025/10/30 13:59:29 INFO: Listening on ['0.0.0.0', '::']:55000.
2025/10/30 13:59:29 INFO: Populating installation UID...
2025/10/30 13:59:29 INFO: Getting updates information...
2025/10/30 14:00:20 INFO: HTTPS is enabled but cannot find the private key and/or certificate. Attempting to generate them
2025/10/30 14:00:20 INFO: Generated private key file in WAZUH_PATH/api/configuration/ssl/server.key
2025/10/30 14:00:20 INFO: Generated certificate file in WAZUH_PATH/api/configuration/ssl/server.crt
2025/10/30 14:00:20 INFO: Checking RBAC database integrity...
2025/10/30 14:00:20 INFO: RBAC database not found. Initializing
2025/10/30 14:00:23 INFO: /var/ossec/api/configuration/security/rbac.db database created successfully
2025/10/30 14:00:23 INFO: RBAC database integrity check finished successfully
2025/10/30 14:00:28 INFO: Listening on ['0.0.0.0', '::']:55000.
2025/10/30 14:00:28 INFO: Populating installation UID...
2025/10/30 14:00:28 INFO: Getting updates information...
2025/10/30 14:00:55 INFO: Checking RBAC database integrity...
2025/10/30 14:00:55 INFO: /var/ossec/api/configuration/security/rbac.db file was detected
2025/10/30 14:00:55 INFO: RBAC database integrity check finished successfully
2025/10/30 14:00:58 INFO: Listening on ['0.0.0.0', '::']:55000.
2025/10/30 14:00:58 INFO: Getting installation UID...
2025/10/30 14:00:58 INFO: Getting updates information...
2025/10/30 14:04:21 INFO: HTTPS is enabled but cannot find the private key and/or certificate. Attempting to generate them
2025/10/30 14:04:22 INFO: Generated private key file in WAZUH_PATH/api/configuration/ssl/server.key
2025/10/30 14:04:22 INFO: Generated certificate file in WAZUH_PATH/api/configuration/ssl/server.crt
2025/10/30 14:04:22 INFO: Checking RBAC database integrity...
2025/10/30 14:04:22 INFO: RBAC database not found. Initializing
2025/10/30 14:04:24 INFO: /var/ossec/api/configuration/security/rbac.db database created successfully
2025/10/30 14:04:24 INFO: RBAC database integrity check finished successfully
2025/10/30 14:04:29 INFO: Listening on ['0.0.0.0', '::']:55000.
2025/10/30 14:04:29 INFO: Populating installation UID...
2025/10/30 14:04:29 INFO: Getting updates information...
2025/10/30 14:24:35 INFO: HTTPS is enabled but cannot find the private key and/or certificate. Attempting to generate them
2025/10/30 14:24:35 INFO: Generated private key file in WAZUH_PATH/api/configuration/ssl/server.key
2025/10/30 14:24:35 INFO: Generated certificate file in WAZUH_PATH/api/configuration/ssl/server.crt
2025/10/30 14:24:35 INFO: Checking RBAC database integrity...
2025/10/30 14:24:35 INFO: RBAC database not found. Initializing
2025/10/30 14:24:37 INFO: /var/ossec/api/configuration/security/rbac.db database created successfully
2025/10/30 14:24:37 INFO: RBAC database integrity check finished successfully
2025/10/30 14:24:40 INFO: Listening on ['0.0.0.0', '::']:55000.
2025/10/30 14:24:40 INFO: Populating installation UID...
2025/10/30 14:24:40 INFO: Getting updates information...
2025/10/30 14:25:13 INFO: Checking RBAC database integrity...
2025/10/30 14:25:13 INFO: /var/ossec/api/configuration/security/rbac.db file was detected
2025/10/30 14:25:13 INFO: RBAC database integrity check finished successfully
2025/10/30 14:25:16 INFO: Listening on ['0.0.0.0', '::']:55000.
2025/10/30 14:25:16 INFO: Getting installation UID...
2025/10/30 14:25:16 INFO: Getting updates information...
2025/10/30 14:26:51 INFO: Checking RBAC database integrity...
2025/10/30 14:26:51 INFO: /var/ossec/api/configuration/security/rbac.db file was detected
2025/10/30 14:26:51 INFO: RBAC database integrity check finished successfully
2025/10/30 14:26:54 INFO: Listening on ['0.0.0.0', '::']:55000.
2025/10/30 14:26:54 INFO: Getting installation UID...
2025/10/30 14:26:54 INFO: Getting updates information...
2025/10/30 14:32:14 INFO: HTTPS is enabled but cannot find the private key and/or certificate. Attempting to generate them
2025/10/30 14:32:14 INFO: Generated private key file in WAZUH_PATH/api/configuration/ssl/server.key
2025/10/30 14:32:14 INFO: Generated certificate file in WAZUH_PATH/api/configuration/ssl/server.crt
2025/10/30 14:32:14 INFO: Checking RBAC database integrity...
2025/10/30 14:32:14 INFO: RBAC database not found. Initializing
2025/10/30 14:32:16 INFO: /var/ossec/api/configuration/security/rbac.db database created successfully
2025/10/30 14:32:16 INFO: RBAC database integrity check finished successfully
2025/10/30 14:32:19 INFO: Listening on ['0.0.0.0', '::']:55000.
2025/10/30 14:32:19 INFO: Populating installation UID...
2025/10/30 14:32:19 INFO: Getting updates information...
2025/10/30 14:33:51 INFO: Checking RBAC database integrity...
2025/10/30 14:33:51 INFO: /var/ossec/api/configuration/security/rbac.db file was detected
2025/10/30 14:33:51 INFO: RBAC database integrity check finished successfully
2025/10/30 14:33:54 INFO: Listening on ['0.0.0.0', '::']:55000.
2025/10/30 14:33:54 INFO: Getting installation UID...
2025/10/30 14:33:54 INFO: Getting updates information...
2025/10/30 14:35:21 INFO: Checking RBAC database integrity...
2025/10/30 14:35:21 INFO: /var/ossec/api/configuration/security/rbac.db file was detected
2025/10/30 14:35:21 INFO: RBAC database integrity check finished successfully
2025/10/30 14:35:24 INFO: Listening on ['0.0.0.0', '::']:55000.
2025/10/30 14:35:24 INFO: Getting installation UID...
2025/10/30 14:35:24 INFO: Getting updates information...
2025/10/30 14:36:08 INFO: Checking RBAC database integrity...
2025/10/30 14:36:08 INFO: /var/ossec/api/configuration/security/rbac.db file was detected
2025/10/30 14:36:08 INFO: RBAC database integrity check finished successfully
2025/10/30 14:36:11 INFO: Listening on ['0.0.0.0', '::']:55000.
2025/10/30 14:36:11 INFO: Getting installation UID...
2025/10/30 14:36:11 INFO: Getting updates information...
2025/10/30 14:36:27 INFO: Checking RBAC database integrity...
2025/10/30 14:36:27 INFO: /var/ossec/api/configuration/security/rbac.db file was detected
2025/10/30 14:36:27 INFO: RBAC database integrity check finished successfully
2025/10/30 14:36:30 INFO: Listening on ['0.0.0.0', '::']:55000.
2025/10/30 14:36:30 INFO: Getting installation UID...
2025/10/30 14:36:30 INFO: Getting updates information...
2025/10/30 14:36:58 INFO: Checking RBAC database integrity...
2025/10/30 14:36:58 INFO: /var/ossec/api/configuration/security/rbac.db file was detected
2025/10/30 14:36:58 INFO: RBAC database integrity check finished successfully
2025/10/30 14:37:00 INFO: Listening on ['0.0.0.0', '::']:55000.
2025/10/30 14:37:00 INFO: Getting installation UID...
2025/10/30 14:37:00 INFO: Getting updates information...
2025/10/30 14:38:43 INFO: Checking RBAC database integrity...
2025/10/30 14:38:43 INFO: /var/ossec/api/configuration/security/rbac.db file was detected
2025/10/30 14:38:43 INFO: RBAC database integrity check finished successfully
2025/10/30 14:38:46 INFO: Listening on ['0.0.0.0', '::']:55000.
2025/10/30 14:38:46 INFO: Getting installation UID...
2025/10/30 14:38:46 INFO: Getting updates information...
2025/10/30 14:39:04 INFO: Checking RBAC database integrity...
2025/10/30 14:39:04 INFO: /var/ossec/api/configuration/security/rbac.db file was detected
2025/10/30 14:39:04 INFO: RBAC database integrity check finished successfully
2025/10/30 14:39:07 INFO: Listening on ['0.0.0.0', '::']:55000.
2025/10/30 14:39:07 INFO: Getting installation UID...
2025/10/30 14:39:07 INFO: Getting updates information...
2025/10/30 14:40:56 INFO: HTTPS is enabled but cannot find the private key and/or certificate. Attempting to generate them
2025/10/30 14:40:56 INFO: Generated private key file in WAZUH_PATH/api/configuration/ssl/server.key
2025/10/30 14:40:56 INFO: Generated certificate file in WAZUH_PATH/api/configuration/ssl/server.crt
2025/10/30 14:40:56 INFO: Checking RBAC database integrity...
2025/10/30 14:40:56 INFO: RBAC database not found. Initializing
2025/10/30 14:40:58 INFO: /var/ossec/api/configuration/security/rbac.db database created successfully
2025/10/30 14:40:58 INFO: RBAC database integrity check finished successfully
2025/10/30 14:41:04 INFO: Listening on ['0.0.0.0', '::']:55000.
2025/10/30 14:41:04 INFO: Populating installation UID...
2025/10/30 14:41:04 INFO: Getting updates information...
2025/10/30 14:43:47 INFO: HTTPS is enabled but cannot find the private key and/or certificate. Attempting to generate them
2025/10/30 14:43:47 INFO: Generated private key file in WAZUH_PATH/api/configuration/ssl/server.key
2025/10/30 14:43:47 INFO: Generated certificate file in WAZUH_PATH/api/configuration/ssl/server.crt
2025/10/30 14:43:47 INFO: Checking RBAC database integrity...
2025/10/30 14:43:47 INFO: RBAC database not found. Initializing
2025/10/30 14:43:49 INFO: /var/ossec/api/configuration/security/rbac.db database created successfully
2025/10/30 14:43:49 INFO: RBAC database integrity check finished successfully
2025/10/30 14:43:54 INFO: Listening on ['0.0.0.0', '::']:55000.
2025/10/30 14:43:54 INFO: Populating installation UID...
2025/10/30 14:43:54 INFO: Getting updates information...
