2025/10/20 00:00:10 wazuh-monitord: INFO: Starting new log after rotation.
2025/10/20 00:02:14 wazuh-logcollector: INFO: (1225): SIGNAL [(15)-(Terminated)] Received. Exit Cleaning...
2025/10/20 00:02:14 wazuh-remoted: INFO: (1225): SIGNAL [(15)-(Terminated)] Received. Exit Cleaning...
2025/10/20 00:02:14 wazuh-syscheckd: INFO: (1756): Shutdown received. Releasing resources.
2025/10/20 00:02:14 wazuh-execd: INFO: (1314): Shutdown received. Deleting responses.
2025/10/20 00:02:14 wazuh-monitord: INFO: (1225): SIGNAL [(15)-(Terminated)] Received. Exit Cleaning...
2025/10/20 00:02:14 wazuh-authd: INFO: (1225): SIGNAL [(15)-(Terminated)] Received. Exit Cleaning...
2025/10/20 00:02:14 wazuh-analysisd: INFO: (1225): SIGNAL [(15)-(Terminated)] Received. Exit Cleaning...
2025/10/20 00:02:14 wazuh-db: INFO: (1225): SIGNAL [(15)-(Terminated)] Received. Exit Cleaning...
2025/10/20 00:02:14 wazuh-authd: INFO: (1225): SIGNAL [(1)-(Hangup)] Received. Exit Cleaning...
2025/10/20 00:02:14 wazuh-execd: INFO: (1225): SIGNAL [(15)-(Terminated)] Received. Exit Cleaning...
2025/10/20 00:02:14 wazuh-db: INFO: (1225): SIGNAL [(1)-(Hangup)] Received. Exit Cleaning...
2025/10/20 00:02:14 wazuh-syscheckd: INFO: (1225): SIGNAL [(15)-(Terminated)] Received. Exit Cleaning...
2025/10/20 00:02:14 wazuh-db: INFO: Graceful process shutdown.
2025/10/20 00:02:14 wazuh-authd: INFO: Exiting...
2025/10/20 00:02:35 wazuh-modulesd:router: INFO: Loaded router module.
2025/10/20 00:02:35 wazuh-modulesd:content_manager: INFO: Loaded content_manager module.
2025/10/20 00:02:36 wazuh-csyslogd: INFO: Remote syslog server not configured. Clean exit.
2025/10/20 00:02:36 wazuh-dbd: INFO: Database not configured. Clean exit.
2025/10/20 00:02:36 wazuh-integratord: INFO: Remote integrations not configured. Clean exit.
2025/10/20 00:02:36 wazuh-agentlessd: INFO: Not configured. Exiting.
2025/10/20 00:02:36 wazuh-authd: INFO: Started (pid: 504).
2025/10/20 00:02:36 wazuh-authd: INFO: Accepting connections on port 1515. No password required.
2025/10/20 00:02:36 wazuh-authd: INFO: Setting network timeout to 1.000000 sec.
2025/10/20 00:02:36 wazuh-db: INFO: Started (pid: 518).
2025/10/20 00:02:37 wazuh-db: INFO: Created Global database backup "backup/db/global.db-backup-2025-10-20-00:02:37.gz"
2025/10/20 00:02:37 wazuh-execd: INFO: Started (pid: 544).
2025/10/20 00:02:38 wazuh-syscheckd: INFO: Started (pid: 575).
2025/10/20 00:02:38 wazuh-syscheckd: INFO: (6003): Monitoring path: '/bin', with options 'size | permissions | owner | group | mtime | inode | hash_md5 | hash_sha1 | hash_sha256 | scheduled'.
2025/10/20 00:02:38 wazuh-syscheckd: INFO: (6003): Monitoring path: '/boot', with options 'size | permissions | owner | group | mtime | inode | hash_md5 | hash_sha1 | hash_sha256 | scheduled'.
2025/10/20 00:02:38 wazuh-syscheckd: INFO: (6003): Monitoring path: '/etc', with options 'size | permissions | owner | group | mtime | inode | hash_md5 | hash_sha1 | hash_sha256 | scheduled'.
2025/10/20 00:02:38 wazuh-syscheckd: INFO: (6003): Monitoring path: '/sbin', with options 'size | permissions | owner | group | mtime | inode | hash_md5 | hash_sha1 | hash_sha256 | scheduled'.
2025/10/20 00:02:38 wazuh-syscheckd: INFO: (6003): Monitoring path: '/usr/bin', with options 'size | permissions | owner | group | mtime | inode | hash_md5 | hash_sha1 | hash_sha256 | scheduled'.
2025/10/20 00:02:38 wazuh-syscheckd: INFO: (6003): Monitoring path: '/usr/sbin', with options 'size | permissions | owner | group | mtime | inode | hash_md5 | hash_sha1 | hash_sha256 | scheduled'.
2025/10/20 00:02:38 wazuh-syscheckd: INFO: (6206): Ignore 'file' entry '/etc/mtab'
2025/10/20 00:02:38 wazuh-syscheckd: INFO: (6206): Ignore 'file' entry '/etc/hosts.deny'
2025/10/20 00:02:38 wazuh-syscheckd: INFO: (6206): Ignore 'file' entry '/etc/mail/statistics'
2025/10/20 00:02:38 wazuh-syscheckd: INFO: (6206): Ignore 'file' entry '/etc/random-seed'
2025/10/20 00:02:38 wazuh-syscheckd: INFO: (6206): Ignore 'file' entry '/etc/random.seed'
2025/10/20 00:02:38 wazuh-syscheckd: INFO: (6206): Ignore 'file' entry '/etc/adjtime'
2025/10/20 00:02:38 wazuh-syscheckd: INFO: (6206): Ignore 'file' entry '/etc/httpd/logs'
2025/10/20 00:02:38 wazuh-syscheckd: INFO: (6206): Ignore 'file' entry '/etc/utmpx'
2025/10/20 00:02:38 wazuh-syscheckd: INFO: (6206): Ignore 'file' entry '/etc/wtmpx'
2025/10/20 00:02:38 wazuh-syscheckd: INFO: (6206): Ignore 'file' entry '/etc/cups/certs'
2025/10/20 00:02:38 wazuh-syscheckd: INFO: (6206): Ignore 'file' entry '/etc/dumpdates'
2025/10/20 00:02:38 wazuh-syscheckd: INFO: (6206): Ignore 'file' entry '/etc/svc/volatile'
2025/10/20 00:02:38 wazuh-syscheckd: INFO: (6207): Ignore 'file' sregex '.log$|.swp$'
2025/10/20 00:02:38 wazuh-syscheckd: INFO: (6004): No diff for file: '/etc/ssl/private.key'
2025/10/20 00:02:38 wazuh-syscheckd: INFO: (6000): Starting daemon...
2025/10/20 00:02:38 rootcheck: INFO: Starting rootcheck scan.
2025/10/20 00:02:38 wazuh-syscheckd: INFO: (6010): File integrity monitoring scan frequency: 43200 seconds
2025/10/20 00:02:38 wazuh-syscheckd: INFO: (6008): File integrity monitoring scan started.
2025/10/20 00:02:38 wazuh-syscheckd: INFO: (6009): File integrity monitoring scan ended.
2025/10/20 00:02:38 wazuh-syscheckd: INFO: FIM sync module started.
2025/10/20 00:02:38 wazuh-analysisd: INFO: Total rules enabled: '7006'
2025/10/20 00:02:38 wazuh-analysisd: INFO: Started (pid: 556).
2025/10/20 00:02:38 wazuh-analysisd: INFO: (7200): Logtest started
2025/10/20 00:02:38 wazuh-analysisd: INFO: EPS limit disabled
2025/10/20 00:02:39 wazuh-remoted: INFO: Started (pid: 704). Listening on port 1514/TCP (secure).
2025/10/20 00:02:39 wazuh-remoted: INFO: (1410): Reading authentication keys file.
2025/10/20 00:02:40 wazuh-logcollector: INFO: Monitoring output of command(360): df -P
2025/10/20 00:02:40 wazuh-logcollector: INFO: Monitoring full output of command(360): netstat -tulpn | sed 's/\([[:alnum:]]\+\)\ \+[[:digit:]]\+\ \+[[:digit:]]\+\ \+\(.*\):\([[:digit:]]*\)\ \+\([0-9\.\:\*]\+\).\+\ \([[:digit:]]*\/[[:alnum:]\-]*\).*/\1 \2 == \3 == \4 \5/' | sort -k 4 -g | sed 's/ == \(.*\) ==/:\1/' | sed 1,2d
2025/10/20 00:02:40 wazuh-logcollector: INFO: Monitoring full output of command(360): last -n 20
2025/10/20 00:02:40 wazuh-logcollector: INFO: (1950): Analyzing file: '/var/ossec/logs/active-responses.log'.
2025/10/20 00:02:40 wazuh-logcollector: INFO: Started (pid: 850).
2025/10/20 00:02:40 wazuh-monitord: INFO: Started (pid: 867).
2025/10/20 00:02:40 wazuh-modulesd:router: INFO: Loaded router module.
2025/10/20 00:02:40 wazuh-modulesd:content_manager: INFO: Loaded content_manager module.
2025/10/20 00:02:40 wazuh-modulesd: INFO: Started (pid: 879).
2025/10/20 00:02:40 wazuh-modulesd:agent-upgrade: INFO: (8153): Module Agent Upgrade started.
2025/10/20 00:02:40 wazuh-modulesd:ciscat: INFO: Module disabled. Exiting...
2025/10/20 00:02:40 wazuh-modulesd:task-manager: INFO: (8200): Module Task Manager started.
2025/10/20 00:02:40 wazuh-modulesd:osquery: INFO: Module disabled. Exiting...
2025/10/20 00:02:40 sca: INFO: Module started.
2025/10/20 00:02:40 wazuh-modulesd:vulnerability-scanner: INFO: Starting vulnerability_scanner module.
2025/10/20 00:02:40 sca: INFO: Loaded policy '/var/ossec/ruleset/sca/cis_amazon_linux_2023.yml'
2025/10/20 00:02:40 wazuh-modulesd:router: INFO: Starting router module.
2025/10/20 00:02:40 sca: INFO: Starting Security Configuration Assessment scan.
2025/10/20 00:02:40 wazuh-modulesd:content_manager: INFO: Starting content_manager module.
2025/10/20 00:02:40 wazuh-modulesd:syscollector: INFO: Module started.
2025/10/20 00:02:40 wazuh-modulesd:syscollector: INFO: Starting evaluation.
2025/10/20 00:02:40 wazuh-modulesd:database: INFO: Module started.
2025/10/20 00:02:40 wazuh-modulesd:download: INFO: Module started.
2025/10/20 00:02:40 wazuh-modulesd:control: INFO: Starting control thread.
2025/10/20 00:02:40 sca: INFO: Starting evaluation of policy: '/var/ossec/ruleset/sca/cis_amazon_linux_2023.yml'
2025/10/20 00:02:40 wazuh-modulesd:syscollector: INFO: Evaluation finished.
2025/10/20 00:02:40 indexer-connector: WARNING: No username and password found in the keystore, using default values.
2025/10/20 00:02:40 indexer-connector: WARNING: IndexerConnector initialization failed for index 'wazuh-states-vulnerabilities-bb9533f7f06f', retrying until the connection is successful.
2025/10/20 00:02:40 wazuh-modulesd:vulnerability-scanner: INFO: Starting database file decompression.
2025/10/20 00:02:45 sca: INFO: Evaluation finished for policy '/var/ossec/ruleset/sca/cis_amazon_linux_2023.yml'
2025/10/20 00:02:45 sca: INFO: Security Configuration Assessment scan finished. Duration: 5 seconds.
2025/10/20 00:02:57 wazuh-modulesd:vulnerability-scanner: INFO: Database decompression finished.
2025/10/20 00:02:58 wazuh-modulesd:vulnerability-scanner: INFO: Vulnerability scanner module started.
2025/10/20 00:03:00 rootcheck: INFO: Ending rootcheck scan.
2025/10/20 00:05:49 wazuh-monitord: INFO: (1225): SIGNAL [(15)-(Terminated)] Received. Exit Cleaning...
2025/10/20 00:05:49 wazuh-analysisd: INFO: (1225): SIGNAL [(15)-(Terminated)] Received. Exit Cleaning...
2025/10/20 00:05:49 wazuh-remoted: INFO: (1225): SIGNAL [(15)-(Terminated)] Received. Exit Cleaning...
2025/10/20 00:05:49 wazuh-logcollector: INFO: (1225): SIGNAL [(15)-(Terminated)] Received. Exit Cleaning...
2025/10/20 00:05:49 wazuh-syscheckd: INFO: (1756): Shutdown received. Releasing resources.
2025/10/20 00:05:49 wazuh-db: INFO: (1225): SIGNAL [(15)-(Terminated)] Received. Exit Cleaning...
2025/10/20 00:05:49 wazuh-execd: INFO: (1314): Shutdown received. Deleting responses.
2025/10/20 00:05:49 wazuh-authd: INFO: (1225): SIGNAL [(15)-(Terminated)] Received. Exit Cleaning...
2025/10/20 00:05:49 wazuh-execd: INFO: (1225): SIGNAL [(15)-(Terminated)] Received. Exit Cleaning...
2025/10/20 00:05:49 wazuh-db: INFO: (1225): SIGNAL [(1)-(Hangup)] Received. Exit Cleaning...
2025/10/20 00:05:49 wazuh-authd: INFO: (1225): SIGNAL [(1)-(Hangup)] Received. Exit Cleaning...
2025/10/20 00:05:49 wazuh-syscheckd: INFO: (1225): SIGNAL [(15)-(Terminated)] Received. Exit Cleaning...
2025/10/20 00:05:50 wazuh-authd: INFO: Exiting...
2025/10/20 00:05:50 wazuh-db: INFO: Graceful process shutdown.
2025/10/20 00:07:27 wazuh-modulesd:router: INFO: Loaded router module.
2025/10/20 00:07:27 wazuh-modulesd:content_manager: INFO: Loaded content_manager module.
2025/10/20 00:07:28 wazuh-csyslogd: INFO: Remote syslog server not configured. Clean exit.
2025/10/20 00:07:28 wazuh-dbd: INFO: Database not configured. Clean exit.
2025/10/20 00:07:28 wazuh-integratord: INFO: Remote integrations not configured. Clean exit.
2025/10/20 00:07:28 wazuh-agentlessd: INFO: Not configured. Exiting.
2025/10/20 00:07:28 wazuh-authd: INFO: Started (pid: 504).
2025/10/20 00:07:28 wazuh-authd: INFO: Accepting connections on port 1515. No password required.
2025/10/20 00:07:28 wazuh-authd: INFO: Setting network timeout to 1.000000 sec.
2025/10/20 00:07:28 wazuh-db: INFO: Started (pid: 518).
2025/10/20 00:07:29 wazuh-db: INFO: Created Global database backup "backup/db/global.db-backup-2025-10-20-00:07:29.gz"
2025/10/20 00:07:29 wazuh-execd: INFO: Started (pid: 544).
2025/10/20 00:07:30 wazuh-syscheckd: INFO: Started (pid: 575).
2025/10/20 00:07:30 wazuh-syscheckd: INFO: (6003): Monitoring path: '/bin', with options 'size | permissions | owner | group | mtime | inode | hash_md5 | hash_sha1 | hash_sha256 | scheduled'.
2025/10/20 00:07:30 wazuh-syscheckd: INFO: (6003): Monitoring path: '/boot', with options 'size | permissions | owner | group | mtime | inode | hash_md5 | hash_sha1 | hash_sha256 | scheduled'.
2025/10/20 00:07:30 wazuh-syscheckd: INFO: (6003): Monitoring path: '/etc', with options 'size | permissions | owner | group | mtime | inode | hash_md5 | hash_sha1 | hash_sha256 | scheduled'.
2025/10/20 00:07:30 wazuh-syscheckd: INFO: (6003): Monitoring path: '/sbin', with options 'size | permissions | owner | group | mtime | inode | hash_md5 | hash_sha1 | hash_sha256 | scheduled'.
2025/10/20 00:07:30 wazuh-syscheckd: INFO: (6003): Monitoring path: '/usr/bin', with options 'size | permissions | owner | group | mtime | inode | hash_md5 | hash_sha1 | hash_sha256 | scheduled'.
2025/10/20 00:07:30 wazuh-syscheckd: INFO: (6003): Monitoring path: '/usr/sbin', with options 'size | permissions | owner | group | mtime | inode | hash_md5 | hash_sha1 | hash_sha256 | scheduled'.
2025/10/20 00:07:30 wazuh-syscheckd: INFO: (6206): Ignore 'file' entry '/etc/mtab'
2025/10/20 00:07:30 wazuh-syscheckd: INFO: (6206): Ignore 'file' entry '/etc/hosts.deny'
2025/10/20 00:07:30 wazuh-syscheckd: INFO: (6206): Ignore 'file' entry '/etc/mail/statistics'
2025/10/20 00:07:30 wazuh-syscheckd: INFO: (6206): Ignore 'file' entry '/etc/random-seed'
2025/10/20 00:07:30 wazuh-syscheckd: INFO: (6206): Ignore 'file' entry '/etc/random.seed'
2025/10/20 00:07:30 wazuh-syscheckd: INFO: (6206): Ignore 'file' entry '/etc/adjtime'
2025/10/20 00:07:30 wazuh-syscheckd: INFO: (6206): Ignore 'file' entry '/etc/httpd/logs'
2025/10/20 00:07:30 wazuh-syscheckd: INFO: (6206): Ignore 'file' entry '/etc/utmpx'
2025/10/20 00:07:30 wazuh-syscheckd: INFO: (6206): Ignore 'file' entry '/etc/wtmpx'
2025/10/20 00:07:30 wazuh-syscheckd: INFO: (6206): Ignore 'file' entry '/etc/cups/certs'
2025/10/20 00:07:30 wazuh-syscheckd: INFO: (6206): Ignore 'file' entry '/etc/dumpdates'
2025/10/20 00:07:30 wazuh-syscheckd: INFO: (6206): Ignore 'file' entry '/etc/svc/volatile'
2025/10/20 00:07:30 wazuh-syscheckd: INFO: (6207): Ignore 'file' sregex '.log$|.swp$'
2025/10/20 00:07:30 wazuh-syscheckd: INFO: (6004): No diff for file: '/etc/ssl/private.key'
2025/10/20 00:07:30 wazuh-syscheckd: INFO: (6000): Starting daemon...
2025/10/20 00:07:30 rootcheck: INFO: Starting rootcheck scan.
2025/10/20 00:07:30 wazuh-syscheckd: INFO: (6010): File integrity monitoring scan frequency: 43200 seconds
2025/10/20 00:07:30 wazuh-syscheckd: INFO: (6008): File integrity monitoring scan started.
2025/10/20 00:07:30 wazuh-syscheckd: INFO: (6009): File integrity monitoring scan ended.
2025/10/20 00:07:30 wazuh-syscheckd: INFO: FIM sync module started.
2025/10/20 00:07:30 wazuh-analysisd: INFO: Total rules enabled: '7006'
2025/10/20 00:07:30 wazuh-analysisd: INFO: Started (pid: 565).
2025/10/20 00:07:30 wazuh-analysisd: INFO: (7200): Logtest started
2025/10/20 00:07:30 wazuh-analysisd: INFO: EPS limit disabled
2025/10/20 00:07:31 wazuh-remoted: INFO: Started (pid: 739). Listening on port 1514/TCP (secure).
2025/10/20 00:07:31 wazuh-remoted: INFO: (1410): Reading authentication keys file.
2025/10/20 00:07:32 wazuh-logcollector: INFO: Monitoring output of command(360): df -P
2025/10/20 00:07:32 wazuh-logcollector: INFO: Monitoring full output of command(360): netstat -tulpn | sed 's/\([[:alnum:]]\+\)\ \+[[:digit:]]\+\ \+[[:digit:]]\+\ \+\(.*\):\([[:digit:]]*\)\ \+\([0-9\.\:\*]\+\).\+\ \([[:digit:]]*\/[[:alnum:]\-]*\).*/\1 \2 == \3 == \4 \5/' | sort -k 4 -g | sed 's/ == \(.*\) ==/:\1/' | sed 1,2d
2025/10/20 00:07:32 wazuh-logcollector: INFO: Monitoring full output of command(360): last -n 20
2025/10/20 00:07:32 wazuh-logcollector: INFO: (1950): Analyzing file: '/var/ossec/logs/active-responses.log'.
2025/10/20 00:07:32 wazuh-logcollector: INFO: Started (pid: 856).
2025/10/20 00:07:32 wazuh-monitord: INFO: Started (pid: 873).
2025/10/20 00:07:33 wazuh-modulesd:router: INFO: Loaded router module.
2025/10/20 00:07:33 wazuh-modulesd:content_manager: INFO: Loaded content_manager module.
2025/10/20 00:07:33 wazuh-modulesd: INFO: Started (pid: 924).
2025/10/20 00:07:33 wazuh-modulesd:agent-upgrade: INFO: (8153): Module Agent Upgrade started.
2025/10/20 00:07:33 wazuh-modulesd:ciscat: INFO: Module disabled. Exiting...
2025/10/20 00:07:33 wazuh-modulesd:task-manager: INFO: (8200): Module Task Manager started.
2025/10/20 00:07:33 wazuh-modulesd:osquery: INFO: Module disabled. Exiting...
2025/10/20 00:07:33 sca: INFO: Module started.
2025/10/20 00:07:33 wazuh-modulesd:vulnerability-scanner: INFO: Starting vulnerability_scanner module.
2025/10/20 00:07:33 sca: INFO: Loaded policy '/var/ossec/ruleset/sca/cis_amazon_linux_2023.yml'
2025/10/20 00:07:33 wazuh-modulesd:router: INFO: Starting router module.
2025/10/20 00:07:33 sca: INFO: Starting Security Configuration Assessment scan.
2025/10/20 00:07:33 wazuh-modulesd:content_manager: INFO: Starting content_manager module.
2025/10/20 00:07:33 wazuh-modulesd:syscollector: INFO: Module started.
2025/10/20 00:07:33 wazuh-modulesd:syscollector: INFO: Starting evaluation.
2025/10/20 00:07:33 wazuh-modulesd:database: INFO: Module started.
2025/10/20 00:07:33 wazuh-modulesd:download: INFO: Module started.
2025/10/20 00:07:33 wazuh-modulesd:control: INFO: Starting control thread.
2025/10/20 00:07:33 sca: INFO: Starting evaluation of policy: '/var/ossec/ruleset/sca/cis_amazon_linux_2023.yml'
2025/10/20 00:07:33 wazuh-modulesd:syscollector: INFO: Evaluation finished.
2025/10/20 00:07:33 indexer-connector: WARNING: No username and password found in the keystore, using default values.
2025/10/20 00:07:33 indexer-connector: WARNING: IndexerConnector initialization failed for index 'wazuh-states-vulnerabilities-7c50ddede3af', retrying until the connection is successful.
2025/10/20 00:07:33 wazuh-modulesd:vulnerability-scanner: INFO: Starting database file decompression.
2025/10/20 00:07:37 sca: INFO: Evaluation finished for policy '/var/ossec/ruleset/sca/cis_amazon_linux_2023.yml'
2025/10/20 00:07:37 sca: INFO: Security Configuration Assessment scan finished. Duration: 4 seconds.
2025/10/20 00:07:50 wazuh-modulesd:vulnerability-scanner: INFO: Database decompression finished.
2025/10/20 00:07:51 wazuh-modulesd:vulnerability-scanner: INFO: Vulnerability scanner module started.
2025/10/20 00:07:53 rootcheck: INFO: Ending rootcheck scan.
2025/10/20 00:43:01 wazuh-execd: INFO: (1314): Shutdown received. Deleting responses.
2025/10/20 00:43:01 wazuh-logcollector: INFO: (1225): SIGNAL [(15)-(Terminated)] Received. Exit Cleaning...
2025/10/20 00:43:01 wazuh-authd: INFO: (1225): SIGNAL [(15)-(Terminated)] Received. Exit Cleaning...
2025/10/20 00:43:01 wazuh-remoted: INFO: (1225): SIGNAL [(15)-(Terminated)] Received. Exit Cleaning...
2025/10/20 00:43:01 wazuh-analysisd: INFO: (1225): SIGNAL [(15)-(Terminated)] Received. Exit Cleaning...
2025/10/20 00:43:01 wazuh-syscheckd: INFO: (1756): Shutdown received. Releasing resources.
2025/10/20 00:43:01 wazuh-monitord: INFO: (1225): SIGNAL [(15)-(Terminated)] Received. Exit Cleaning...
2025/10/20 00:43:01 wazuh-db: INFO: (1225): SIGNAL [(15)-(Terminated)] Received. Exit Cleaning...
2025/10/20 00:43:01 wazuh-authd: INFO: (1225): SIGNAL [(1)-(Hangup)] Received. Exit Cleaning...
2025/10/20 00:43:01 wazuh-execd: INFO: (1225): SIGNAL [(15)-(Terminated)] Received. Exit Cleaning...
2025/10/20 00:43:01 wazuh-db: INFO: (1225): SIGNAL [(1)-(Hangup)] Received. Exit Cleaning...
2025/10/20 00:43:01 wazuh-syscheckd: INFO: (1225): SIGNAL [(15)-(Terminated)] Received. Exit Cleaning...
2025/10/20 00:43:01 wazuh-authd: INFO: Exiting...
2025/10/20 00:43:02 wazuh-db: INFO: Graceful process shutdown.
2025/10/20 00:43:55 wazuh-modulesd:router: INFO: Loaded router module.
2025/10/20 00:43:55 wazuh-modulesd:content_manager: INFO: Loaded content_manager module.
2025/10/20 00:43:56 wazuh-csyslogd: INFO: Remote syslog server not configured. Clean exit.
2025/10/20 00:43:56 wazuh-dbd: INFO: Database not configured. Clean exit.
2025/10/20 00:43:56 wazuh-integratord: INFO: Remote integrations not configured. Clean exit.
2025/10/20 00:43:56 wazuh-agentlessd: INFO: Not configured. Exiting.
2025/10/20 00:43:56 wazuh-authd: INFO: Started (pid: 504).
2025/10/20 00:43:56 wazuh-authd: INFO: Accepting connections on port 1515. No password required.
2025/10/20 00:43:56 wazuh-authd: INFO: Setting network timeout to 1.000000 sec.
2025/10/20 00:43:56 wazuh-db: INFO: Started (pid: 518).
2025/10/20 00:43:57 wazuh-db: INFO: Created Global database backup "backup/db/global.db-backup-2025-10-20-00:43:57.gz"
2025/10/20 00:43:57 wazuh-execd: INFO: Started (pid: 553).
2025/10/20 00:43:58 wazuh-analysisd: INFO: Total rules enabled: '7006'
2025/10/20 00:43:58 wazuh-analysisd: INFO: Started (pid: 565).
2025/10/20 00:43:58 wazuh-analysisd: INFO: (7200): Logtest started
2025/10/20 00:43:58 wazuh-analysisd: INFO: EPS limit disabled
2025/10/20 00:43:58 wazuh-syscheckd: INFO: Started (pid: 722).
2025/10/20 00:43:58 wazuh-syscheckd: INFO: (6003): Monitoring path: '/bin', with options 'size | permissions | owner | group | mtime | inode | hash_md5 | hash_sha1 | hash_sha256 | scheduled'.
2025/10/20 00:43:58 wazuh-syscheckd: INFO: (6003): Monitoring path: '/boot', with options 'size | permissions | owner | group | mtime | inode | hash_md5 | hash_sha1 | hash_sha256 | scheduled'.
2025/10/20 00:43:58 wazuh-syscheckd: INFO: (6003): Monitoring path: '/etc', with options 'size | permissions | owner | group | mtime | inode | hash_md5 | hash_sha1 | hash_sha256 | scheduled'.
2025/10/20 00:43:58 wazuh-syscheckd: INFO: (6003): Monitoring path: '/sbin', with options 'size | permissions | owner | group | mtime | inode | hash_md5 | hash_sha1 | hash_sha256 | scheduled'.
2025/10/20 00:43:58 wazuh-syscheckd: INFO: (6003): Monitoring path: '/usr/bin', with options 'size | permissions | owner | group | mtime | inode | hash_md5 | hash_sha1 | hash_sha256 | scheduled'.
2025/10/20 00:43:58 wazuh-syscheckd: INFO: (6003): Monitoring path: '/usr/sbin', with options 'size | permissions | owner | group | mtime | inode | hash_md5 | hash_sha1 | hash_sha256 | scheduled'.
2025/10/20 00:43:58 wazuh-syscheckd: INFO: (6206): Ignore 'file' entry '/etc/mtab'
2025/10/20 00:43:58 wazuh-syscheckd: INFO: (6206): Ignore 'file' entry '/etc/hosts.deny'
2025/10/20 00:43:58 wazuh-syscheckd: INFO: (6206): Ignore 'file' entry '/etc/mail/statistics'
2025/10/20 00:43:58 wazuh-syscheckd: INFO: (6206): Ignore 'file' entry '/etc/random-seed'
2025/10/20 00:43:58 wazuh-syscheckd: INFO: (6206): Ignore 'file' entry '/etc/random.seed'
2025/10/20 00:43:58 wazuh-syscheckd: INFO: (6206): Ignore 'file' entry '/etc/adjtime'
2025/10/20 00:43:58 wazuh-syscheckd: INFO: (6206): Ignore 'file' entry '/etc/httpd/logs'
2025/10/20 00:43:58 wazuh-syscheckd: INFO: (6206): Ignore 'file' entry '/etc/utmpx'
2025/10/20 00:43:58 wazuh-syscheckd: INFO: (6206): Ignore 'file' entry '/etc/wtmpx'
2025/10/20 00:43:58 wazuh-syscheckd: INFO: (6206): Ignore 'file' entry '/etc/cups/certs'
2025/10/20 00:43:58 wazuh-syscheckd: INFO: (6206): Ignore 'file' entry '/etc/dumpdates'
2025/10/20 00:43:58 wazuh-syscheckd: INFO: (6206): Ignore 'file' entry '/etc/svc/volatile'
2025/10/20 00:43:58 wazuh-syscheckd: INFO: (6207): Ignore 'file' sregex '.log$|.swp$'
2025/10/20 00:43:58 wazuh-syscheckd: INFO: (6004): No diff for file: '/etc/ssl/private.key'
2025/10/20 00:43:58 wazuh-syscheckd: INFO: (6000): Starting daemon...
2025/10/20 00:43:58 rootcheck: INFO: Starting rootcheck scan.
2025/10/20 00:43:58 wazuh-syscheckd: INFO: (6010): File integrity monitoring scan frequency: 43200 seconds
2025/10/20 00:43:58 wazuh-syscheckd: INFO: (6008): File integrity monitoring scan started.
2025/10/20 00:43:59 wazuh-syscheckd: INFO: (6009): File integrity monitoring scan ended.
2025/10/20 00:43:59 wazuh-syscheckd: INFO: FIM sync module started.
2025/10/20 00:43:59 wazuh-remoted: INFO: Started (pid: 784). Listening on port 1514/TCP (secure).
2025/10/20 00:44:00 wazuh-remoted: INFO: (1410): Reading authentication keys file.
2025/10/20 00:44:00 wazuh-logcollector: INFO: Monitoring output of command(360): df -P
2025/10/20 00:44:00 wazuh-logcollector: INFO: Monitoring full output of command(360): netstat -tulpn | sed 's/\([[:alnum:]]\+\)\ \+[[:digit:]]\+\ \+[[:digit:]]\+\ \+\(.*\):\([[:digit:]]*\)\ \+\([0-9\.\:\*]\+\).\+\ \([[:digit:]]*\/[[:alnum:]\-]*\).*/\1 \2 == \3 == \4 \5/' | sort -k 4 -g | sed 's/ == \(.*\) ==/:\1/' | sed 1,2d
2025/10/20 00:44:00 wazuh-logcollector: INFO: Monitoring full output of command(360): last -n 20
2025/10/20 00:44:00 wazuh-logcollector: INFO: (1950): Analyzing file: '/var/ossec/logs/active-responses.log'.
2025/10/20 00:44:00 wazuh-logcollector: INFO: Started (pid: 857).
2025/10/20 00:44:00 wazuh-monitord: INFO: Started (pid: 876).
2025/10/20 00:44:01 wazuh-modulesd:router: INFO: Loaded router module.
2025/10/20 00:44:01 wazuh-modulesd:content_manager: INFO: Loaded content_manager module.
2025/10/20 00:44:01 wazuh-modulesd: INFO: Started (pid: 927).
2025/10/20 00:44:01 wazuh-modulesd:agent-upgrade: INFO: (8153): Module Agent Upgrade started.
2025/10/20 00:44:01 wazuh-modulesd:ciscat: INFO: Module disabled. Exiting...
2025/10/20 00:44:01 wazuh-modulesd:task-manager: INFO: (8200): Module Task Manager started.
2025/10/20 00:44:01 wazuh-modulesd:osquery: INFO: Module disabled. Exiting...
2025/10/20 00:44:01 sca: INFO: Module started.
2025/10/20 00:44:01 wazuh-modulesd:vulnerability-scanner: INFO: Starting vulnerability_scanner module.
2025/10/20 00:44:01 sca: INFO: Loaded policy '/var/ossec/ruleset/sca/cis_amazon_linux_2023.yml'
2025/10/20 00:44:01 wazuh-modulesd:router: INFO: Starting router module.
2025/10/20 00:44:01 sca: INFO: Starting Security Configuration Assessment scan.
2025/10/20 00:44:01 wazuh-modulesd:content_manager: INFO: Starting content_manager module.
2025/10/20 00:44:01 wazuh-modulesd:syscollector: INFO: Module started.
2025/10/20 00:44:01 wazuh-modulesd:syscollector: INFO: Starting evaluation.
2025/10/20 00:44:01 wazuh-modulesd:database: INFO: Module started.
2025/10/20 00:44:01 wazuh-modulesd:download: INFO: Module started.
2025/10/20 00:44:01 wazuh-modulesd:control: INFO: Starting control thread.
2025/10/20 00:44:01 sca: INFO: Starting evaluation of policy: '/var/ossec/ruleset/sca/cis_amazon_linux_2023.yml'
2025/10/20 00:44:02 wazuh-modulesd:syscollector: INFO: Evaluation finished.
2025/10/20 00:44:02 indexer-connector: WARNING: No username and password found in the keystore, using default values.
2025/10/20 00:44:02 indexer-connector: WARNING: IndexerConnector initialization failed for index 'wazuh-states-vulnerabilities-c50db33ec904', retrying until the connection is successful.
2025/10/20 00:44:02 wazuh-modulesd:vulnerability-scanner: INFO: Starting database file decompression.
2025/10/20 00:44:19 wazuh-modulesd:vulnerability-scanner: INFO: Database decompression finished.
2025/10/20 00:44:19 wazuh-modulesd:vulnerability-scanner: INFO: Vulnerability scanner module started.
2025/10/20 00:44:21 rootcheck: INFO: Ending rootcheck scan.
2025/10/20 00:44:27 wazuh-modulesd:content-updater: ERROR: Action for 'vulnerability_feed_manager' failed: Orchestration run failed: Error -1 from server: Couldn't resolve host name.
2025/10/20 00:45:05 sca: INFO: Evaluation finished for policy '/var/ossec/ruleset/sca/cis_amazon_linux_2023.yml'
2025/10/20 00:45:05 sca: INFO: Security Configuration Assessment scan finished. Duration: 64 seconds.
2025/10/20 00:45:27 sca: INFO: Integration checksum failed for policy '/var/ossec/ruleset/sca/cis_amazon_linux_2023.yml'. Resending scan results in 220 seconds.
2025/10/20 00:46:22 wazuh-logcollector: INFO: (1225): SIGNAL [(15)-(Terminated)] Received. Exit Cleaning...
2025/10/20 00:46:22 wazuh-execd: INFO: (1314): Shutdown received. Deleting responses.
2025/10/20 00:46:22 wazuh-syscheckd: INFO: (1756): Shutdown received. Releasing resources.
2025/10/20 00:46:22 wazuh-authd: INFO: (1225): SIGNAL [(15)-(Terminated)] Received. Exit Cleaning...
2025/10/20 00:46:22 wazuh-monitord: INFO: (1225): SIGNAL [(15)-(Terminated)] Received. Exit Cleaning...
2025/10/20 00:46:22 wazuh-remoted: INFO: (1225): SIGNAL [(15)-(Terminated)] Received. Exit Cleaning...
2025/10/20 00:46:22 wazuh-db: INFO: (1225): SIGNAL [(15)-(Terminated)] Received. Exit Cleaning...
2025/10/20 00:46:22 wazuh-analysisd: INFO: (1225): SIGNAL [(15)-(Terminated)] Received. Exit Cleaning...
2025/10/20 00:46:22 wazuh-authd: INFO: (1225): SIGNAL [(1)-(Hangup)] Received. Exit Cleaning...
2025/10/20 00:46:22 wazuh-db: INFO: (1225): SIGNAL [(1)-(Hangup)] Received. Exit Cleaning...
2025/10/20 00:46:22 wazuh-execd: INFO: (1225): SIGNAL [(15)-(Terminated)] Received. Exit Cleaning...
2025/10/20 00:46:22 wazuh-syscheckd: INFO: (1225): SIGNAL [(15)-(Terminated)] Received. Exit Cleaning...
2025/10/20 00:46:23 wazuh-db: INFO: Graceful process shutdown.
2025/10/20 00:46:23 wazuh-authd: INFO: Exiting...
2025/10/20 00:46:37 wazuh-modulesd:router: INFO: Loaded router module.
2025/10/20 00:46:37 wazuh-modulesd:content_manager: INFO: Loaded content_manager module.
2025/10/20 00:46:39 wazuh-csyslogd: INFO: Remote syslog server not configured. Clean exit.
2025/10/20 00:46:39 wazuh-dbd: INFO: Database not configured. Clean exit.
2025/10/20 00:46:39 wazuh-integratord: INFO: Remote integrations not configured. Clean exit.
2025/10/20 00:46:39 wazuh-agentlessd: INFO: Not configured. Exiting.
2025/10/20 00:46:39 wazuh-authd: INFO: Started (pid: 505).
2025/10/20 00:46:39 wazuh-authd: INFO: Accepting connections on port 1515. No password required.
2025/10/20 00:46:39 wazuh-authd: INFO: Setting network timeout to 1.000000 sec.
2025/10/20 00:46:39 wazuh-db: INFO: Started (pid: 519).
2025/10/20 00:46:40 wazuh-db: INFO: Created Global database backup "backup/db/global.db-backup-2025-10-20-00:46:40.gz"
2025/10/20 00:46:40 wazuh-execd: INFO: Started (pid: 545).
2025/10/20 00:46:41 wazuh-analysisd: INFO: Total rules enabled: '7006'
2025/10/20 00:46:41 wazuh-analysisd: INFO: Started (pid: 557).
2025/10/20 00:46:41 wazuh-analysisd: INFO: (7200): Logtest started
2025/10/20 00:46:41 wazuh-analysisd: INFO: EPS limit disabled
2025/10/20 00:46:41 wazuh-syscheckd: INFO: Started (pid: 686).
2025/10/20 00:46:41 wazuh-syscheckd: INFO: (6003): Monitoring path: '/bin', with options 'size | permissions | owner | group | mtime | inode | hash_md5 | hash_sha1 | hash_sha256 | scheduled'.
2025/10/20 00:46:41 wazuh-syscheckd: INFO: (6003): Monitoring path: '/boot', with options 'size | permissions | owner | group | mtime | inode | hash_md5 | hash_sha1 | hash_sha256 | scheduled'.
2025/10/20 00:46:41 wazuh-syscheckd: INFO: (6003): Monitoring path: '/etc', with options 'size | permissions | owner | group | mtime | inode | hash_md5 | hash_sha1 | hash_sha256 | scheduled'.
2025/10/20 00:46:41 wazuh-syscheckd: INFO: (6003): Monitoring path: '/sbin', with options 'size | permissions | owner | group | mtime | inode | hash_md5 | hash_sha1 | hash_sha256 | scheduled'.
2025/10/20 00:46:41 wazuh-syscheckd: INFO: (6003): Monitoring path: '/usr/bin', with options 'size | permissions | owner | group | mtime | inode | hash_md5 | hash_sha1 | hash_sha256 | scheduled'.
2025/10/20 00:46:41 wazuh-syscheckd: INFO: (6003): Monitoring path: '/usr/sbin', with options 'size | permissions | owner | group | mtime | inode | hash_md5 | hash_sha1 | hash_sha256 | scheduled'.
2025/10/20 00:46:41 wazuh-syscheckd: INFO: (6206): Ignore 'file' entry '/etc/mtab'
2025/10/20 00:46:41 wazuh-syscheckd: INFO: (6206): Ignore 'file' entry '/etc/hosts.deny'
2025/10/20 00:46:41 wazuh-syscheckd: INFO: (6206): Ignore 'file' entry '/etc/mail/statistics'
2025/10/20 00:46:41 wazuh-syscheckd: INFO: (6206): Ignore 'file' entry '/etc/random-seed'
2025/10/20 00:46:41 wazuh-syscheckd: INFO: (6206): Ignore 'file' entry '/etc/random.seed'
2025/10/20 00:46:41 wazuh-syscheckd: INFO: (6206): Ignore 'file' entry '/etc/adjtime'
2025/10/20 00:46:41 wazuh-syscheckd: INFO: (6206): Ignore 'file' entry '/etc/httpd/logs'
2025/10/20 00:46:41 wazuh-syscheckd: INFO: (6206): Ignore 'file' entry '/etc/utmpx'
2025/10/20 00:46:41 wazuh-syscheckd: INFO: (6206): Ignore 'file' entry '/etc/wtmpx'
2025/10/20 00:46:41 wazuh-syscheckd: INFO: (6206): Ignore 'file' entry '/etc/cups/certs'
2025/10/20 00:46:41 wazuh-syscheckd: INFO: (6206): Ignore 'file' entry '/etc/dumpdates'
2025/10/20 00:46:41 wazuh-syscheckd: INFO: (6206): Ignore 'file' entry '/etc/svc/volatile'
2025/10/20 00:46:41 wazuh-syscheckd: INFO: (6207): Ignore 'file' sregex '.log$|.swp$'
2025/10/20 00:46:41 wazuh-syscheckd: INFO: (6004): No diff for file: '/etc/ssl/private.key'
2025/10/20 00:46:41 wazuh-syscheckd: INFO: (6000): Starting daemon...
2025/10/20 00:46:41 rootcheck: INFO: Starting rootcheck scan.
2025/10/20 00:46:41 wazuh-syscheckd: INFO: (6010): File integrity monitoring scan frequency: 43200 seconds
2025/10/20 00:46:41 wazuh-syscheckd: INFO: (6008): File integrity monitoring scan started.
2025/10/20 00:46:42 wazuh-syscheckd: INFO: (6009): File integrity monitoring scan ended.
2025/10/20 00:46:42 wazuh-syscheckd: INFO: FIM sync module started.
2025/10/20 00:46:42 wazuh-remoted: INFO: Started (pid: 785). Listening on port 1514/TCP (secure).
2025/10/20 00:46:43 wazuh-remoted: INFO: (1410): Reading authentication keys file.
2025/10/20 00:46:43 wazuh-logcollector: INFO: Monitoring output of command(360): df -P
2025/10/20 00:46:43 wazuh-logcollector: INFO: Monitoring full output of command(360): netstat -tulpn | sed 's/\([[:alnum:]]\+\)\ \+[[:digit:]]\+\ \+[[:digit:]]\+\ \+\(.*\):\([[:digit:]]*\)\ \+\([0-9\.\:\*]\+\).\+\ \([[:digit:]]*\/[[:alnum:]\-]*\).*/\1 \2 == \3 == \4 \5/' | sort -k 4 -g | sed 's/ == \(.*\) ==/:\1/' | sed 1,2d
2025/10/20 00:46:43 wazuh-logcollector: INFO: Monitoring full output of command(360): last -n 20
2025/10/20 00:46:43 wazuh-logcollector: INFO: (1950): Analyzing file: '/var/ossec/logs/active-responses.log'.
2025/10/20 00:46:43 wazuh-logcollector: INFO: Started (pid: 858).
2025/10/20 00:46:43 wazuh-monitord: INFO: Started (pid: 877).
2025/10/20 00:46:44 wazuh-modulesd:router: INFO: Loaded router module.
2025/10/20 00:46:44 wazuh-modulesd:content_manager: INFO: Loaded content_manager module.
2025/10/20 00:46:44 wazuh-modulesd: INFO: Started (pid: 928).
2025/10/20 00:46:44 wazuh-modulesd:agent-upgrade: INFO: (8153): Module Agent Upgrade started.
2025/10/20 00:46:44 wazuh-modulesd:ciscat: INFO: Module disabled. Exiting...
2025/10/20 00:46:44 wazuh-modulesd:osquery: INFO: Module disabled. Exiting...
2025/10/20 00:46:44 wazuh-modulesd:task-manager: INFO: (8200): Module Task Manager started.
2025/10/20 00:46:44 sca: INFO: Module started.
2025/10/20 00:46:44 wazuh-modulesd:vulnerability-scanner: INFO: Starting vulnerability_scanner module.
2025/10/20 00:46:44 sca: INFO: Loaded policy '/var/ossec/ruleset/sca/cis_amazon_linux_2023.yml'
2025/10/20 00:46:44 wazuh-modulesd:router: INFO: Starting router module.
2025/10/20 00:46:44 sca: INFO: Starting Security Configuration Assessment scan.
2025/10/20 00:46:44 wazuh-modulesd:content_manager: INFO: Starting content_manager module.
2025/10/20 00:46:44 wazuh-modulesd:syscollector: INFO: Module started.
2025/10/20 00:46:44 wazuh-modulesd:syscollector: INFO: Starting evaluation.
2025/10/20 00:46:44 wazuh-modulesd:database: INFO: Module started.
2025/10/20 00:46:44 wazuh-modulesd:download: INFO: Module started.
2025/10/20 00:46:44 wazuh-modulesd:control: INFO: Starting control thread.
2025/10/20 00:46:44 sca: INFO: Starting evaluation of policy: '/var/ossec/ruleset/sca/cis_amazon_linux_2023.yml'
2025/10/20 00:46:45 wazuh-modulesd:syscollector: INFO: Evaluation finished.
2025/10/20 00:46:45 indexer-connector: WARNING: No username and password found in the keystore, using default values.
2025/10/20 00:46:45 indexer-connector: WARNING: IndexerConnector initialization failed for index 'wazuh-states-vulnerabilities-41d8b559a2ab', retrying until the connection is successful.
2025/10/20 00:46:45 wazuh-modulesd:vulnerability-scanner: INFO: Starting database file decompression.
2025/10/20 00:46:49 sca: INFO: Evaluation finished for policy '/var/ossec/ruleset/sca/cis_amazon_linux_2023.yml'
2025/10/20 00:46:49 sca: INFO: Security Configuration Assessment scan finished. Duration: 5 seconds.
2025/10/20 00:47:02 wazuh-modulesd:vulnerability-scanner: INFO: Database decompression finished.
2025/10/20 00:47:02 wazuh-modulesd:vulnerability-scanner: INFO: Vulnerability scanner module started.
2025/10/20 00:47:04 rootcheck: INFO: Ending rootcheck scan.
2025/10/20 01:46:45 wazuh-modulesd:syscollector: INFO: Starting evaluation.
2025/10/20 01:46:49 wazuh-modulesd:syscollector: INFO: Evaluation finished.
2025/10/28 16:47:24 wazuh-modulesd:router: INFO: Loaded router module.
2025/10/28 16:47:24 wazuh-modulesd:content_manager: INFO: Loaded content_manager module.
2025/10/28 16:47:26 wazuh-csyslogd: INFO: Remote syslog server not configured. Clean exit.
2025/10/28 16:47:26 wazuh-dbd: INFO: Database not configured. Clean exit.
2025/10/28 16:47:26 wazuh-integratord: INFO: Remote integrations not configured. Clean exit.
2025/10/28 16:47:26 wazuh-agentlessd: INFO: Not configured. Exiting.
2025/10/28 16:47:26 wazuh-authd: INFO: Started (pid: 503).
2025/10/28 16:47:26 wazuh-authd: INFO: Accepting connections on port 1515. No password required.
2025/10/28 16:47:26 wazuh-authd: INFO: Setting network timeout to 1.000000 sec.
2025/10/28 16:47:26 wazuh-db: INFO: Started (pid: 517).
2025/10/28 16:47:27 wazuh-db: INFO: Created Global database backup "backup/db/global.db-backup-2025-10-28-16:47:27.gz"
2025/10/28 16:47:27 wazuh-execd: INFO: Started (pid: 543).
2025/10/28 16:47:27 wazuh-syscheckd: INFO: Started (pid: 565).
2025/10/28 16:47:27 wazuh-syscheckd: INFO: (6003): Monitoring path: '/bin', with options 'size | permissions | owner | group | mtime | inode | hash_md5 | hash_sha1 | hash_sha256 | scheduled'.
2025/10/28 16:47:27 wazuh-syscheckd: INFO: (6003): Monitoring path: '/boot', with options 'size | permissions | owner | group | mtime | inode | hash_md5 | hash_sha1 | hash_sha256 | scheduled'.
2025/10/28 16:47:27 wazuh-syscheckd: INFO: (6003): Monitoring path: '/etc', with options 'size | permissions | owner | group | mtime | inode | hash_md5 | hash_sha1 | hash_sha256 | scheduled'.
2025/10/28 16:47:27 wazuh-syscheckd: INFO: (6003): Monitoring path: '/sbin', with options 'size | permissions | owner | group | mtime | inode | hash_md5 | hash_sha1 | hash_sha256 | scheduled'.
2025/10/28 16:47:27 wazuh-syscheckd: INFO: (6003): Monitoring path: '/usr/bin', with options 'size | permissions | owner | group | mtime | inode | hash_md5 | hash_sha1 | hash_sha256 | scheduled'.
2025/10/28 16:47:27 wazuh-syscheckd: INFO: (6003): Monitoring path: '/usr/sbin', with options 'size | permissions | owner | group | mtime | inode | hash_md5 | hash_sha1 | hash_sha256 | scheduled'.
2025/10/28 16:47:27 wazuh-syscheckd: INFO: (6206): Ignore 'file' entry '/etc/mtab'
2025/10/28 16:47:27 wazuh-syscheckd: INFO: (6206): Ignore 'file' entry '/etc/hosts.deny'
2025/10/28 16:47:27 wazuh-syscheckd: INFO: (6206): Ignore 'file' entry '/etc/mail/statistics'
2025/10/28 16:47:27 wazuh-syscheckd: INFO: (6206): Ignore 'file' entry '/etc/random-seed'
2025/10/28 16:47:27 wazuh-syscheckd: INFO: (6206): Ignore 'file' entry '/etc/random.seed'
2025/10/28 16:47:27 wazuh-syscheckd: INFO: (6206): Ignore 'file' entry '/etc/adjtime'
2025/10/28 16:47:27 wazuh-syscheckd: INFO: (6206): Ignore 'file' entry '/etc/httpd/logs'
2025/10/28 16:47:27 wazuh-syscheckd: INFO: (6206): Ignore 'file' entry '/etc/utmpx'
2025/10/28 16:47:27 wazuh-syscheckd: INFO: (6206): Ignore 'file' entry '/etc/wtmpx'
2025/10/28 16:47:27 wazuh-syscheckd: INFO: (6206): Ignore 'file' entry '/etc/cups/certs'
2025/10/28 16:47:27 wazuh-syscheckd: INFO: (6206): Ignore 'file' entry '/etc/dumpdates'
2025/10/28 16:47:27 wazuh-syscheckd: INFO: (6206): Ignore 'file' entry '/etc/svc/volatile'
2025/10/28 16:47:27 wazuh-syscheckd: INFO: (6207): Ignore 'file' sregex '.log$|.swp$'
2025/10/28 16:47:27 wazuh-syscheckd: INFO: (6004): No diff for file: '/etc/ssl/private.key'
2025/10/28 16:47:27 wazuh-syscheckd: INFO: (6000): Starting daemon...
2025/10/28 16:47:27 rootcheck: INFO: Starting rootcheck scan.
2025/10/28 16:47:27 wazuh-syscheckd: INFO: (6010): File integrity monitoring scan frequency: 43200 seconds
2025/10/28 16:47:27 wazuh-syscheckd: INFO: (6008): File integrity monitoring scan started.
2025/10/28 16:47:28 wazuh-syscheckd: INFO: (6009): File integrity monitoring scan ended.
2025/10/28 16:47:28 wazuh-syscheckd: INFO: FIM sync module started.
2025/10/28 16:47:28 wazuh-analysisd: INFO: Total rules enabled: '7006'
2025/10/28 16:47:28 wazuh-analysisd: INFO: Started (pid: 555).
2025/10/28 16:47:28 wazuh-remoted: INFO: Started (pid: 612). Listening on port 1514/TCP (secure).
2025/10/28 16:47:29 wazuh-remoted: INFO: (1410): Reading authentication keys file.
2025/10/28 16:47:29 wazuh-analysisd: INFO: (7200): Logtest started
2025/10/28 16:47:29 wazuh-analysisd: INFO: EPS limit disabled
2025/10/28 16:47:29 wazuh-logcollector: INFO: Monitoring output of command(360): df -P
2025/10/28 16:47:29 wazuh-logcollector: INFO: Monitoring full output of command(360): netstat -tulpn | sed 's/\([[:alnum:]]\+\)\ \+[[:digit:]]\+\ \+[[:digit:]]\+\ \+\(.*\):\([[:digit:]]*\)\ \+\([0-9\.\:\*]\+\).\+\ \([[:digit:]]*\/[[:alnum:]\-]*\).*/\1 \2 == \3 == \4 \5/' | sort -k 4 -g | sed 's/ == \(.*\) ==/:\1/' | sed 1,2d
2025/10/28 16:47:29 wazuh-logcollector: INFO: Monitoring full output of command(360): last -n 20
2025/10/28 16:47:29 wazuh-logcollector: INFO: (1950): Analyzing file: '/var/ossec/logs/active-responses.log'.
2025/10/28 16:47:29 wazuh-logcollector: INFO: Started (pid: 837).
2025/10/28 16:47:30 wazuh-monitord: INFO: Started (pid: 854).
2025/10/28 16:47:30 wazuh-modulesd:router: INFO: Loaded router module.
2025/10/28 16:47:30 wazuh-modulesd:content_manager: INFO: Loaded content_manager module.
2025/10/28 16:47:30 wazuh-modulesd: INFO: Started (pid: 866).
2025/10/28 16:47:30 wazuh-modulesd:agent-upgrade: INFO: (8153): Module Agent Upgrade started.
2025/10/28 16:47:30 wazuh-modulesd:ciscat: INFO: Module disabled. Exiting...
2025/10/28 16:47:30 wazuh-modulesd:task-manager: INFO: (8200): Module Task Manager started.
2025/10/28 16:47:30 wazuh-modulesd:osquery: INFO: Module disabled. Exiting...
2025/10/28 16:47:30 sca: INFO: Module started.
2025/10/28 16:47:30 wazuh-modulesd:vulnerability-scanner: INFO: Starting vulnerability_scanner module.
2025/10/28 16:47:30 wazuh-modulesd:router: INFO: Starting router module.
2025/10/28 16:47:30 sca: INFO: Loaded policy '/var/ossec/ruleset/sca/cis_amazon_linux_2023.yml'
2025/10/28 16:47:30 wazuh-modulesd:content_manager: INFO: Starting content_manager module.
2025/10/28 16:47:30 sca: INFO: Starting Security Configuration Assessment scan.
2025/10/28 16:47:30 wazuh-modulesd:database: INFO: Module started.
2025/10/28 16:47:30 wazuh-modulesd:download: INFO: Module started.
2025/10/28 16:47:30 wazuh-modulesd:control: INFO: Starting control thread.
2025/10/28 16:47:30 sca: INFO: Starting evaluation of policy: '/var/ossec/ruleset/sca/cis_amazon_linux_2023.yml'
2025/10/28 16:47:30 wazuh-modulesd:syscollector: INFO: Module started.
2025/10/28 16:47:30 wazuh-modulesd:syscollector: INFO: Starting evaluation.
2025/10/28 16:47:30 indexer-connector: WARNING: No username and password found in the keystore, using default values.
2025/10/28 16:47:30 wazuh-modulesd:syscollector: INFO: Evaluation finished.
2025/10/28 16:47:30 indexer-connector: WARNING: IndexerConnector initialization failed for index 'wazuh-states-vulnerabilities-907957ca53fb', retrying until the connection is successful.
2025/10/28 16:47:30 wazuh-modulesd:vulnerability-scanner: INFO: Starting database file decompression.
2025/10/28 16:47:36 sca: INFO: Evaluation finished for policy '/var/ossec/ruleset/sca/cis_amazon_linux_2023.yml'
2025/10/28 16:47:36 sca: INFO: Security Configuration Assessment scan finished. Duration: 6 seconds.
2025/10/28 16:47:53 rootcheck: INFO: Ending rootcheck scan.
2025/10/28 16:48:01 wazuh-modulesd:vulnerability-scanner: INFO: Database decompression finished.
2025/10/28 16:48:02 wazuh-modulesd:vulnerability-scanner: INFO: Vulnerability scanner module started.
2025/10/28 17:33:56 wazuh-modulesd:content-updater: ERROR: Action for 'vulnerability_feed_manager' failed: Orchestration run failed: Error -1 from server: Couldn't resolve host name.
2025/10/28 17:47:31 wazuh-modulesd:syscollector: INFO: Starting evaluation.
2025/10/28 17:47:34 wazuh-modulesd:syscollector: INFO: Evaluation finished.
2025/10/28 18:02:37 wazuh-logcollector: INFO: (1225): SIGNAL [(15)-(Terminated)] Received. Exit Cleaning...
2025/10/28 18:02:37 wazuh-db: INFO: (1225): SIGNAL [(15)-(Terminated)] Received. Exit Cleaning...
2025/10/28 18:02:37 wazuh-syscheckd: INFO: (1756): Shutdown received. Releasing resources.
2025/10/28 18:02:37 wazuh-authd: INFO: (1225): SIGNAL [(15)-(Terminated)] Received. Exit Cleaning...
2025/10/28 18:02:37 wazuh-execd: INFO: (1314): Shutdown received. Deleting responses.
2025/10/28 18:02:37 wazuh-remoted: INFO: (1225): SIGNAL [(15)-(Terminated)] Received. Exit Cleaning...
2025/10/28 18:02:37 wazuh-monitord: INFO: (1225): SIGNAL [(15)-(Terminated)] Received. Exit Cleaning...
2025/10/28 18:02:37 wazuh-analysisd: INFO: (1225): SIGNAL [(15)-(Terminated)] Received. Exit Cleaning...
2025/10/28 18:02:37 wazuh-authd: INFO: (1225): SIGNAL [(1)-(Hangup)] Received. Exit Cleaning...
2025/10/28 18:02:37 wazuh-db: INFO: (1225): SIGNAL [(1)-(Hangup)] Received. Exit Cleaning...
2025/10/28 18:02:37 wazuh-syscheckd: INFO: (1225): SIGNAL [(15)-(Terminated)] Received. Exit Cleaning...
2025/10/28 18:02:37 wazuh-execd: INFO: (1225): SIGNAL [(15)-(Terminated)] Received. Exit Cleaning...
2025/10/28 18:02:38 wazuh-authd: INFO: Exiting...
2025/10/28 18:03:25 wazuh-modulesd:router: INFO: Loaded router module.
2025/10/28 18:03:25 wazuh-modulesd:content_manager: INFO: Loaded content_manager module.
2025/10/28 18:03:29 wazuh-csyslogd: INFO: Remote syslog server not configured. Clean exit.
2025/10/28 18:03:29 wazuh-dbd: INFO: Database not configured. Clean exit.
2025/10/28 18:03:29 wazuh-integratord: INFO: Remote integrations not configured. Clean exit.
2025/10/28 18:03:29 wazuh-agentlessd: INFO: Not configured. Exiting.
2025/10/28 18:03:29 wazuh-authd: INFO: Started (pid: 503).
2025/10/28 18:03:29 wazuh-authd: INFO: Accepting connections on port 1515. No password required.
2025/10/28 18:03:29 wazuh-authd: INFO: Setting network timeout to 1.000000 sec.
2025/10/28 18:03:29 wazuh-db: INFO: Started (pid: 517).
2025/10/28 18:03:30 wazuh-db: INFO: Created Global database backup "backup/db/global.db-backup-2025-10-28-18:03:30.gz"
2025/10/28 18:03:30 wazuh-execd: INFO: Started (pid: 543).
2025/10/28 18:03:31 wazuh-syscheckd: INFO: Started (pid: 565).
2025/10/28 18:03:31 wazuh-syscheckd: INFO: (6003): Monitoring path: '/bin', with options 'size | permissions | owner | group | mtime | inode | hash_md5 | hash_sha1 | hash_sha256 | scheduled'.
2025/10/28 18:03:31 wazuh-syscheckd: INFO: (6003): Monitoring path: '/boot', with options 'size | permissions | owner | group | mtime | inode | hash_md5 | hash_sha1 | hash_sha256 | scheduled'.
2025/10/28 18:03:31 wazuh-syscheckd: INFO: (6003): Monitoring path: '/etc', with options 'size | permissions | owner | group | mtime | inode | hash_md5 | hash_sha1 | hash_sha256 | scheduled'.
2025/10/28 18:03:31 wazuh-syscheckd: INFO: (6003): Monitoring path: '/sbin', with options 'size | permissions | owner | group | mtime | inode | hash_md5 | hash_sha1 | hash_sha256 | scheduled'.
2025/10/28 18:03:31 wazuh-syscheckd: INFO: (6003): Monitoring path: '/usr/bin', with options 'size | permissions | owner | group | mtime | inode | hash_md5 | hash_sha1 | hash_sha256 | scheduled'.
2025/10/28 18:03:31 wazuh-syscheckd: INFO: (6003): Monitoring path: '/usr/sbin', with options 'size | permissions | owner | group | mtime | inode | hash_md5 | hash_sha1 | hash_sha256 | scheduled'.
2025/10/28 18:03:31 wazuh-syscheckd: INFO: (6206): Ignore 'file' entry '/etc/mtab'
2025/10/28 18:03:31 wazuh-syscheckd: INFO: (6206): Ignore 'file' entry '/etc/hosts.deny'
2025/10/28 18:03:31 wazuh-syscheckd: INFO: (6206): Ignore 'file' entry '/etc/mail/statistics'
2025/10/28 18:03:31 wazuh-syscheckd: INFO: (6206): Ignore 'file' entry '/etc/random-seed'
2025/10/28 18:03:31 wazuh-syscheckd: INFO: (6206): Ignore 'file' entry '/etc/random.seed'
2025/10/28 18:03:31 wazuh-syscheckd: INFO: (6206): Ignore 'file' entry '/etc/adjtime'
2025/10/28 18:03:31 wazuh-syscheckd: INFO: (6206): Ignore 'file' entry '/etc/httpd/logs'
2025/10/28 18:03:31 wazuh-syscheckd: INFO: (6206): Ignore 'file' entry '/etc/utmpx'
2025/10/28 18:03:31 wazuh-syscheckd: INFO: (6206): Ignore 'file' entry '/etc/wtmpx'
2025/10/28 18:03:31 wazuh-syscheckd: INFO: (6206): Ignore 'file' entry '/etc/cups/certs'
2025/10/28 18:03:31 wazuh-syscheckd: INFO: (6206): Ignore 'file' entry '/etc/dumpdates'
2025/10/28 18:03:31 wazuh-syscheckd: INFO: (6206): Ignore 'file' entry '/etc/svc/volatile'
2025/10/28 18:03:31 wazuh-syscheckd: INFO: (6207): Ignore 'file' sregex '.log$|.swp$'
2025/10/28 18:03:31 wazuh-syscheckd: INFO: (6004): No diff for file: '/etc/ssl/private.key'
2025/10/28 18:03:31 wazuh-syscheckd: INFO: (6000): Starting daemon...
2025/10/28 18:03:31 rootcheck: INFO: Starting rootcheck scan.
2025/10/28 18:03:31 wazuh-syscheckd: INFO: (6010): File integrity monitoring scan frequency: 43200 seconds
2025/10/28 18:03:31 wazuh-syscheckd: INFO: (6008): File integrity monitoring scan started.
2025/10/28 18:03:31 wazuh-syscheckd: INFO: (6009): File integrity monitoring scan ended.
2025/10/28 18:03:31 wazuh-syscheckd: INFO: FIM sync module started.
2025/10/28 18:03:32 wazuh-analysisd: INFO: Total rules enabled: '7006'
2025/10/28 18:03:32 wazuh-remoted: INFO: Started (pid: 597). Listening on port 1514/TCP (secure).
2025/10/28 18:03:32 wazuh-analysisd: INFO: Started (pid: 555).
2025/10/28 18:03:32 wazuh-remoted: INFO: (1410): Reading authentication keys file.
2025/10/28 18:03:32 wazuh-analysisd: INFO: (7200): Logtest started
2025/10/28 18:03:32 wazuh-analysisd: INFO: EPS limit disabled
2025/10/28 18:03:33 wazuh-logcollector: INFO: Monitoring output of command(360): df -P
2025/10/28 18:03:33 wazuh-logcollector: INFO: Monitoring full output of command(360): netstat -tulpn | sed 's/\([[:alnum:]]\+\)\ \+[[:digit:]]\+\ \+[[:digit:]]\+\ \+\(.*\):\([[:digit:]]*\)\ \+\([0-9\.\:\*]\+\).\+\ \([[:digit:]]*\/[[:alnum:]\-]*\).*/\1 \2 == \3 == \4 \5/' | sort -k 4 -g | sed 's/ == \(.*\) ==/:\1/' | sed 1,2d
2025/10/28 18:03:33 wazuh-logcollector: INFO: Monitoring full output of command(360): last -n 20
2025/10/28 18:03:33 wazuh-logcollector: INFO: (1950): Analyzing file: '/var/ossec/logs/active-responses.log'.
2025/10/28 18:03:33 wazuh-logcollector: INFO: Started (pid: 833).
2025/10/28 18:03:33 wazuh-monitord: INFO: Started (pid: 852).
2025/10/28 18:03:33 wazuh-modulesd:router: INFO: Loaded router module.
2025/10/28 18:03:33 wazuh-modulesd:content_manager: INFO: Loaded content_manager module.
2025/10/28 18:03:33 wazuh-modulesd: INFO: Started (pid: 864).
2025/10/28 18:03:33 wazuh-modulesd:agent-upgrade: INFO: (8153): Module Agent Upgrade started.
2025/10/28 18:03:33 wazuh-modulesd:ciscat: INFO: Module disabled. Exiting...
2025/10/28 18:03:33 wazuh-modulesd:osquery: INFO: Module disabled. Exiting...
2025/10/28 18:03:33 wazuh-modulesd:task-manager: INFO: (8200): Module Task Manager started.
2025/10/28 18:03:33 sca: INFO: Module started.
2025/10/28 18:03:33 wazuh-modulesd:vulnerability-scanner: INFO: Starting vulnerability_scanner module.
2025/10/28 18:03:33 sca: INFO: Loaded policy '/var/ossec/ruleset/sca/cis_amazon_linux_2023.yml'
2025/10/28 18:03:33 wazuh-modulesd:router: INFO: Starting router module.
2025/10/28 18:03:33 wazuh-modulesd:content_manager: INFO: Starting content_manager module.
2025/10/28 18:03:33 sca: INFO: Starting Security Configuration Assessment scan.
2025/10/28 18:03:33 wazuh-modulesd:database: INFO: Module started.
2025/10/28 18:03:33 wazuh-modulesd:download: INFO: Module started.
2025/10/28 18:03:33 wazuh-modulesd:control: INFO: Starting control thread.
2025/10/28 18:03:33 wazuh-modulesd:syscollector: INFO: Module started.
2025/10/28 18:03:33 wazuh-modulesd:syscollector: INFO: Starting evaluation.
2025/10/28 18:03:33 sca: INFO: Starting evaluation of policy: '/var/ossec/ruleset/sca/cis_amazon_linux_2023.yml'
2025/10/28 18:03:33 wazuh-modulesd:syscollector: INFO: Evaluation finished.
2025/10/28 18:03:33 indexer-connector: WARNING: No username and password found in the keystore, using default values.
2025/10/28 18:03:33 indexer-connector: WARNING: IndexerConnector initialization failed for index 'wazuh-states-vulnerabilities-ffcdf81599a7', retrying until the connection is successful.
2025/10/28 18:03:33 wazuh-modulesd:vulnerability-scanner: INFO: Starting database file decompression.
2025/10/28 18:03:40 sca: INFO: Evaluation finished for policy '/var/ossec/ruleset/sca/cis_amazon_linux_2023.yml'
2025/10/28 18:03:40 sca: INFO: Security Configuration Assessment scan finished. Duration: 7 seconds.
2025/10/28 18:03:56 rootcheck: INFO: Ending rootcheck scan.
2025/10/28 18:04:06 wazuh-modulesd:vulnerability-scanner: INFO: Database decompression finished.
2025/10/28 18:04:07 wazuh-modulesd:vulnerability-scanner: INFO: Vulnerability scanner module started.
2025/10/28 18:29:03 wazuh-modulesd:content-updater: ERROR: Action for 'vulnerability_feed_manager' failed: Orchestration run failed: Error -1 from server: Couldn't resolve host name.
2025/10/28 18:29:53 wazuh-analysisd: INFO: (1225): SIGNAL [(15)-(Terminated)] Received. Exit Cleaning...
2025/10/28 18:29:53 wazuh-authd: INFO: (1225): SIGNAL [(15)-(Terminated)] Received. Exit Cleaning...
2025/10/28 18:29:53 wazuh-logcollector: INFO: (1225): SIGNAL [(15)-(Terminated)] Received. Exit Cleaning...
2025/10/28 18:29:53 wazuh-remoted: INFO: (1225): SIGNAL [(15)-(Terminated)] Received. Exit Cleaning...
2025/10/28 18:29:53 wazuh-execd: INFO: (1314): Shutdown received. Deleting responses.
2025/10/28 18:29:53 wazuh-monitord: INFO: (1225): SIGNAL [(15)-(Terminated)] Received. Exit Cleaning...
2025/10/28 18:29:53 wazuh-syscheckd: INFO: (1756): Shutdown received. Releasing resources.
2025/10/28 18:29:53 wazuh-db: INFO: (1225): SIGNAL [(15)-(Terminated)] Received. Exit Cleaning...
2025/10/28 18:29:53 wazuh-authd: INFO: (1225): SIGNAL [(1)-(Hangup)] Received. Exit Cleaning...
2025/10/28 18:29:53 wazuh-db: INFO: (1225): SIGNAL [(1)-(Hangup)] Received. Exit Cleaning...
2025/10/28 18:29:53 wazuh-execd: INFO: (1225): SIGNAL [(15)-(Terminated)] Received. Exit Cleaning...
2025/10/28 18:29:53 wazuh-syscheckd: INFO: (1225): SIGNAL [(15)-(Terminated)] Received. Exit Cleaning...
2025/10/28 18:29:54 wazuh-db: INFO: Graceful process shutdown.
2025/10/28 20:02:51 wazuh-modulesd:router: INFO: Loaded router module.
2025/10/28 20:02:51 wazuh-modulesd:content_manager: INFO: Loaded content_manager module.
2025/10/28 20:02:53 wazuh-csyslogd: INFO: Remote syslog server not configured. Clean exit.
2025/10/28 20:02:53 wazuh-dbd: INFO: Database not configured. Clean exit.
2025/10/28 20:02:53 wazuh-integratord: INFO: Remote integrations not configured. Clean exit.
2025/10/28 20:02:53 wazuh-agentlessd: INFO: Not configured. Exiting.
2025/10/28 20:02:53 wazuh-authd: INFO: Started (pid: 504).
2025/10/28 20:02:53 wazuh-authd: INFO: Accepting connections on port 1515. No password required.
2025/10/28 20:02:53 wazuh-authd: INFO: Setting network timeout to 1.000000 sec.
2025/10/28 20:02:53 wazuh-db: INFO: Started (pid: 518).
2025/10/28 20:02:53 wazuh-db: INFO: Created Global database backup "backup/db/global.db-backup-2025-10-28-20:02:53.gz"
2025/10/28 20:02:54 wazuh-execd: INFO: Started (pid: 553).
2025/10/28 20:02:55 wazuh-syscheckd: INFO: Started (pid: 578).
2025/10/28 20:02:55 wazuh-syscheckd: INFO: (6003): Monitoring path: '/bin', with options 'size | permissions | owner | group | mtime | inode | hash_md5 | hash_sha1 | hash_sha256 | scheduled'.
2025/10/28 20:02:55 wazuh-syscheckd: INFO: (6003): Monitoring path: '/boot', with options 'size | permissions | owner | group | mtime | inode | hash_md5 | hash_sha1 | hash_sha256 | scheduled'.
2025/10/28 20:02:55 wazuh-syscheckd: INFO: (6003): Monitoring path: '/etc', with options 'size | permissions | owner | group | mtime | inode | hash_md5 | hash_sha1 | hash_sha256 | scheduled'.
2025/10/28 20:02:55 wazuh-syscheckd: INFO: (6003): Monitoring path: '/sbin', with options 'size | permissions | owner | group | mtime | inode | hash_md5 | hash_sha1 | hash_sha256 | scheduled'.
2025/10/28 20:02:55 wazuh-syscheckd: INFO: (6003): Monitoring path: '/usr/bin', with options 'size | permissions | owner | group | mtime | inode | hash_md5 | hash_sha1 | hash_sha256 | scheduled'.
2025/10/28 20:02:55 wazuh-syscheckd: INFO: (6003): Monitoring path: '/usr/sbin', with options 'size | permissions | owner | group | mtime | inode | hash_md5 | hash_sha1 | hash_sha256 | scheduled'.
2025/10/28 20:02:55 wazuh-syscheckd: INFO: (6206): Ignore 'file' entry '/etc/mtab'
2025/10/28 20:02:55 wazuh-syscheckd: INFO: (6206): Ignore 'file' entry '/etc/hosts.deny'
2025/10/28 20:02:55 wazuh-syscheckd: INFO: (6206): Ignore 'file' entry '/etc/mail/statistics'
2025/10/28 20:02:55 wazuh-syscheckd: INFO: (6206): Ignore 'file' entry '/etc/random-seed'
2025/10/28 20:02:55 wazuh-syscheckd: INFO: (6206): Ignore 'file' entry '/etc/random.seed'
2025/10/28 20:02:55 wazuh-syscheckd: INFO: (6206): Ignore 'file' entry '/etc/adjtime'
2025/10/28 20:02:55 wazuh-syscheckd: INFO: (6206): Ignore 'file' entry '/etc/httpd/logs'
2025/10/28 20:02:55 wazuh-syscheckd: INFO: (6206): Ignore 'file' entry '/etc/utmpx'
2025/10/28 20:02:55 wazuh-syscheckd: INFO: (6206): Ignore 'file' entry '/etc/wtmpx'
2025/10/28 20:02:55 wazuh-syscheckd: INFO: (6206): Ignore 'file' entry '/etc/cups/certs'
2025/10/28 20:02:55 wazuh-syscheckd: INFO: (6206): Ignore 'file' entry '/etc/dumpdates'
2025/10/28 20:02:55 wazuh-syscheckd: INFO: (6206): Ignore 'file' entry '/etc/svc/volatile'
2025/10/28 20:02:55 wazuh-syscheckd: INFO: (6207): Ignore 'file' sregex '.log$|.swp$'
2025/10/28 20:02:55 wazuh-syscheckd: INFO: (6004): No diff for file: '/etc/ssl/private.key'
2025/10/28 20:02:55 wazuh-syscheckd: INFO: (6000): Starting daemon...
2025/10/28 20:02:55 rootcheck: INFO: Starting rootcheck scan.
2025/10/28 20:02:55 wazuh-syscheckd: INFO: (6010): File integrity monitoring scan frequency: 43200 seconds
2025/10/28 20:02:55 wazuh-syscheckd: INFO: (6008): File integrity monitoring scan started.
2025/10/28 20:02:55 wazuh-syscheckd: INFO: (6009): File integrity monitoring scan ended.
2025/10/28 20:02:55 wazuh-syscheckd: INFO: FIM sync module started.
2025/10/28 20:02:55 wazuh-analysisd: INFO: Total rules enabled: '7006'
2025/10/28 20:02:55 wazuh-analysisd: INFO: Started (pid: 568).
2025/10/28 20:02:55 wazuh-analysisd: INFO: (7200): Logtest started
2025/10/28 20:02:55 wazuh-analysisd: INFO: EPS limit disabled
2025/10/28 20:02:56 wazuh-remoted: INFO: Started (pid: 779). Listening on port 1514/TCP (secure).
2025/10/28 20:02:56 wazuh-remoted: INFO: (1410): Reading authentication keys file.
2025/10/28 20:02:57 wazuh-logcollector: INFO: Monitoring output of command(360): df -P
2025/10/28 20:02:57 wazuh-logcollector: INFO: Monitoring full output of command(360): netstat -tulpn | sed 's/\([[:alnum:]]\+\)\ \+[[:digit:]]\+\ \+[[:digit:]]\+\ \+\(.*\):\([[:digit:]]*\)\ \+\([0-9\.\:\*]\+\).\+\ \([[:digit:]]*\/[[:alnum:]\-]*\).*/\1 \2 == \3 == \4 \5/' | sort -k 4 -g | sed 's/ == \(.*\) ==/:\1/' | sed 1,2d
2025/10/28 20:02:57 wazuh-logcollector: INFO: Monitoring full output of command(360): last -n 20
2025/10/28 20:02:57 wazuh-logcollector: INFO: (1950): Analyzing file: '/var/ossec/logs/active-responses.log'.
2025/10/28 20:02:57 wazuh-logcollector: INFO: Started (pid: 855).
2025/10/28 20:02:57 wazuh-monitord: INFO: Started (pid: 874).
2025/10/28 20:02:57 wazuh-modulesd:router: INFO: Loaded router module.
2025/10/28 20:02:57 wazuh-modulesd:content_manager: INFO: Loaded content_manager module.
2025/10/28 20:02:57 wazuh-modulesd: INFO: Started (pid: 884).
2025/10/28 20:02:57 wazuh-modulesd:agent-upgrade: INFO: (8153): Module Agent Upgrade started.
2025/10/28 20:02:57 wazuh-modulesd:ciscat: INFO: Module disabled. Exiting...
2025/10/28 20:02:57 wazuh-modulesd:osquery: INFO: Module disabled. Exiting...
2025/10/28 20:02:57 sca: INFO: Module started.
2025/10/28 20:02:57 wazuh-modulesd:task-manager: INFO: (8200): Module Task Manager started.
2025/10/28 20:02:57 sca: INFO: Loaded policy '/var/ossec/ruleset/sca/cis_amazon_linux_2023.yml'
2025/10/28 20:02:57 sca: INFO: Starting Security Configuration Assessment scan.
2025/10/28 20:02:57 wazuh-modulesd:router: INFO: Starting router module.
2025/10/28 20:02:57 wazuh-modulesd:vulnerability-scanner: INFO: Starting vulnerability_scanner module.
2025/10/28 20:02:57 wazuh-modulesd:content_manager: INFO: Starting content_manager module.
2025/10/28 20:02:57 wazuh-modulesd:database: INFO: Module started.
2025/10/28 20:02:57 wazuh-modulesd:download: INFO: Module started.
2025/10/28 20:02:57 sca: INFO: Starting evaluation of policy: '/var/ossec/ruleset/sca/cis_amazon_linux_2023.yml'
2025/10/28 20:02:57 wazuh-modulesd:control: INFO: Starting control thread.
2025/10/28 20:02:57 wazuh-modulesd:syscollector: INFO: Module started.
2025/10/28 20:02:57 wazuh-modulesd:syscollector: INFO: Starting evaluation.
2025/10/28 20:02:57 wazuh-modulesd:syscollector: INFO: Evaluation finished.
2025/10/28 20:02:57 indexer-connector: WARNING: No username and password found in the keystore, using default values.
2025/10/28 20:02:57 indexer-connector: WARNING: IndexerConnector initialization failed for index 'wazuh-states-vulnerabilities-23388d8e55e5', retrying until the connection is successful.
2025/10/28 20:02:57 wazuh-modulesd:vulnerability-scanner: INFO: Starting database file decompression.
2025/10/28 20:03:19 rootcheck: INFO: Ending rootcheck scan.
2025/10/28 20:03:21 wazuh-modulesd:vulnerability-scanner: INFO: Database decompression finished.
2025/10/28 20:03:22 wazuh-modulesd:vulnerability-scanner: INFO: Vulnerability scanner module started.
2025/10/28 20:03:30 wazuh-modulesd:content-updater: ERROR: Action for 'vulnerability_feed_manager' failed: Orchestration run failed: Error -1 from server: Couldn't resolve host name.
2025/10/28 20:04:01 sca: INFO: Evaluation finished for policy '/var/ossec/ruleset/sca/cis_amazon_linux_2023.yml'
2025/10/28 20:04:01 sca: INFO: Security Configuration Assessment scan finished. Duration: 64 seconds.
2025/10/28 20:04:23 sca: INFO: Integration checksum failed for policy '/var/ossec/ruleset/sca/cis_amazon_linux_2023.yml'. Resending scan results in 172 seconds.
2025/10/28 20:07:24 sca: INFO: Integration checksum failed for policy '/var/ossec/ruleset/sca/cis_amazon_linux_2023.yml'. Resending scan results in 181 seconds.
2025/10/28 20:07:36 wazuh-analysisd: INFO: (1225): SIGNAL [(15)-(Terminated)] Received. Exit Cleaning...
2025/10/28 20:07:36 wazuh-monitord: INFO: (1225): SIGNAL [(15)-(Terminated)] Received. Exit Cleaning...
2025/10/28 20:07:36 wazuh-db: INFO: (1225): SIGNAL [(15)-(Terminated)] Received. Exit Cleaning...
2025/10/28 20:07:36 wazuh-remoted: INFO: (1225): SIGNAL [(15)-(Terminated)] Received. Exit Cleaning...
2025/10/28 20:07:36 wazuh-logcollector: INFO: (1225): SIGNAL [(15)-(Terminated)] Received. Exit Cleaning...
2025/10/28 20:07:36 wazuh-execd: INFO: (1314): Shutdown received. Deleting responses.
2025/10/28 20:07:36 wazuh-syscheckd: INFO: (1756): Shutdown received. Releasing resources.
2025/10/28 20:07:36 wazuh-authd: INFO: (1225): SIGNAL [(15)-(Terminated)] Received. Exit Cleaning...
2025/10/28 20:07:36 wazuh-db: INFO: (1225): SIGNAL [(1)-(Hangup)] Received. Exit Cleaning...
2025/10/28 20:07:36 wazuh-execd: INFO: (1225): SIGNAL [(15)-(Terminated)] Received. Exit Cleaning...
2025/10/28 20:07:36 wazuh-authd: INFO: (1225): SIGNAL [(1)-(Hangup)] Received. Exit Cleaning...
2025/10/28 20:07:36 wazuh-syscheckd: INFO: (1225): SIGNAL [(15)-(Terminated)] Received. Exit Cleaning...
2025/10/28 20:07:37 wazuh-authd: INFO: Exiting...
2025/10/28 20:07:37 wazuh-db: INFO: Graceful process shutdown.
2025/10/28 20:07:47 wazuh-modulesd:router: INFO: Loaded router module.
2025/10/28 20:07:47 wazuh-modulesd:content_manager: INFO: Loaded content_manager module.
2025/10/28 20:07:49 wazuh-csyslogd: INFO: Remote syslog server not configured. Clean exit.
2025/10/28 20:07:49 wazuh-dbd: INFO: Database not configured. Clean exit.
2025/10/28 20:07:49 wazuh-integratord: INFO: Remote integrations not configured. Clean exit.
2025/10/28 20:07:49 wazuh-agentlessd: INFO: Not configured. Exiting.
2025/10/28 20:07:49 wazuh-authd: INFO: Started (pid: 504).
2025/10/28 20:07:49 wazuh-authd: INFO: Accepting connections on port 1515. No password required.
2025/10/28 20:07:49 wazuh-authd: INFO: Setting network timeout to 1.000000 sec.
2025/10/28 20:07:49 wazuh-db: INFO: Started (pid: 518).
2025/10/28 20:07:50 wazuh-db: INFO: Created Global database backup "backup/db/global.db-backup-2025-10-28-20:07:50.gz"
2025/10/28 20:07:50 wazuh-execd: INFO: Started (pid: 553).
2025/10/28 20:07:51 wazuh-analysisd: INFO: Total rules enabled: '7006'
2025/10/28 20:07:51 wazuh-analysisd: INFO: Started (pid: 565).
2025/10/28 20:07:51 wazuh-analysisd: INFO: (7200): Logtest started
2025/10/28 20:07:51 wazuh-analysisd: INFO: EPS limit disabled
2025/10/28 20:07:51 wazuh-syscheckd: INFO: Started (pid: 735).
2025/10/28 20:07:51 wazuh-syscheckd: INFO: (6003): Monitoring path: '/bin', with options 'size | permissions | owner | group | mtime | inode | hash_md5 | hash_sha1 | hash_sha256 | scheduled'.
2025/10/28 20:07:51 wazuh-syscheckd: INFO: (6003): Monitoring path: '/boot', with options 'size | permissions | owner | group | mtime | inode | hash_md5 | hash_sha1 | hash_sha256 | scheduled'.
2025/10/28 20:07:51 wazuh-syscheckd: INFO: (6003): Monitoring path: '/etc', with options 'size | permissions | owner | group | mtime | inode | hash_md5 | hash_sha1 | hash_sha256 | scheduled'.
2025/10/28 20:07:51 wazuh-syscheckd: INFO: (6003): Monitoring path: '/sbin', with options 'size | permissions | owner | group | mtime | inode | hash_md5 | hash_sha1 | hash_sha256 | scheduled'.
2025/10/28 20:07:51 wazuh-syscheckd: INFO: (6003): Monitoring path: '/usr/bin', with options 'size | permissions | owner | group | mtime | inode | hash_md5 | hash_sha1 | hash_sha256 | scheduled'.
2025/10/28 20:07:51 wazuh-syscheckd: INFO: (6003): Monitoring path: '/usr/sbin', with options 'size | permissions | owner | group | mtime | inode | hash_md5 | hash_sha1 | hash_sha256 | scheduled'.
2025/10/28 20:07:51 wazuh-syscheckd: INFO: (6206): Ignore 'file' entry '/etc/mtab'
2025/10/28 20:07:51 wazuh-syscheckd: INFO: (6206): Ignore 'file' entry '/etc/hosts.deny'
2025/10/28 20:07:51 wazuh-syscheckd: INFO: (6206): Ignore 'file' entry '/etc/mail/statistics'
2025/10/28 20:07:51 wazuh-syscheckd: INFO: (6206): Ignore 'file' entry '/etc/random-seed'
2025/10/28 20:07:51 wazuh-syscheckd: INFO: (6206): Ignore 'file' entry '/etc/random.seed'
2025/10/28 20:07:51 wazuh-syscheckd: INFO: (6206): Ignore 'file' entry '/etc/adjtime'
2025/10/28 20:07:51 wazuh-syscheckd: INFO: (6206): Ignore 'file' entry '/etc/httpd/logs'
2025/10/28 20:07:51 wazuh-syscheckd: INFO: (6206): Ignore 'file' entry '/etc/utmpx'
2025/10/28 20:07:51 wazuh-syscheckd: INFO: (6206): Ignore 'file' entry '/etc/wtmpx'
2025/10/28 20:07:51 wazuh-syscheckd: INFO: (6206): Ignore 'file' entry '/etc/cups/certs'
2025/10/28 20:07:51 wazuh-syscheckd: INFO: (6206): Ignore 'file' entry '/etc/dumpdates'
2025/10/28 20:07:51 wazuh-syscheckd: INFO: (6206): Ignore 'file' entry '/etc/svc/volatile'
2025/10/28 20:07:51 wazuh-syscheckd: INFO: (6207): Ignore 'file' sregex '.log$|.swp$'
2025/10/28 20:07:51 wazuh-syscheckd: INFO: (6004): No diff for file: '/etc/ssl/private.key'
2025/10/28 20:07:51 wazuh-syscheckd: INFO: (6000): Starting daemon...
2025/10/28 20:07:51 rootcheck: INFO: Starting rootcheck scan.
2025/10/28 20:07:51 wazuh-syscheckd: INFO: (6010): File integrity monitoring scan frequency: 43200 seconds
2025/10/28 20:07:51 wazuh-syscheckd: INFO: (6008): File integrity monitoring scan started.
2025/10/28 20:07:52 wazuh-syscheckd: INFO: (6009): File integrity monitoring scan ended.
2025/10/28 20:07:52 wazuh-syscheckd: INFO: FIM sync module started.
2025/10/28 20:07:52 wazuh-remoted: INFO: Started (pid: 778). Listening on port 1514/TCP (secure).
2025/10/28 20:07:52 wazuh-remoted: INFO: (1410): Reading authentication keys file.
2025/10/28 20:07:53 wazuh-logcollector: INFO: Monitoring output of command(360): df -P
2025/10/28 20:07:53 wazuh-logcollector: INFO: Monitoring full output of command(360): netstat -tulpn | sed 's/\([[:alnum:]]\+\)\ \+[[:digit:]]\+\ \+[[:digit:]]\+\ \+\(.*\):\([[:digit:]]*\)\ \+\([0-9\.\:\*]\+\).\+\ \([[:digit:]]*\/[[:alnum:]\-]*\).*/\1 \2 == \3 == \4 \5/' | sort -k 4 -g | sed 's/ == \(.*\) ==/:\1/' | sed 1,2d
2025/10/28 20:07:53 wazuh-logcollector: INFO: Monitoring full output of command(360): last -n 20
2025/10/28 20:07:53 wazuh-logcollector: INFO: (1950): Analyzing file: '/var/ossec/logs/active-responses.log'.
2025/10/28 20:07:53 wazuh-logcollector: INFO: Started (pid: 851).
2025/10/28 20:07:53 wazuh-monitord: INFO: Started (pid: 868).
2025/10/28 20:07:54 wazuh-modulesd:router: INFO: Loaded router module.
2025/10/28 20:07:54 wazuh-modulesd:content_manager: INFO: Loaded content_manager module.
2025/10/28 20:07:54 wazuh-modulesd: INFO: Started (pid: 921).
2025/10/28 20:07:54 wazuh-modulesd:agent-upgrade: INFO: (8153): Module Agent Upgrade started.
2025/10/28 20:07:54 wazuh-modulesd:ciscat: INFO: Module disabled. Exiting...
2025/10/28 20:07:54 wazuh-modulesd:osquery: INFO: Module disabled. Exiting...
2025/10/28 20:07:54 wazuh-modulesd:task-manager: INFO: (8200): Module Task Manager started.
2025/10/28 20:07:54 sca: INFO: Module started.
2025/10/28 20:07:54 wazuh-modulesd:vulnerability-scanner: INFO: Starting vulnerability_scanner module.
2025/10/28 20:07:54 sca: INFO: Loaded policy '/var/ossec/ruleset/sca/cis_amazon_linux_2023.yml'
2025/10/28 20:07:54 wazuh-modulesd:router: INFO: Starting router module.
2025/10/28 20:07:54 sca: INFO: Starting Security Configuration Assessment scan.
2025/10/28 20:07:54 wazuh-modulesd:content_manager: INFO: Starting content_manager module.
2025/10/28 20:07:54 wazuh-modulesd:database: INFO: Module started.
2025/10/28 20:07:54 wazuh-modulesd:download: INFO: Module started.
2025/10/28 20:07:54 wazuh-modulesd:control: INFO: Starting control thread.
2025/10/28 20:07:54 wazuh-modulesd:syscollector: INFO: Module started.
2025/10/28 20:07:54 wazuh-modulesd:syscollector: INFO: Starting evaluation.
2025/10/28 20:07:54 sca: INFO: Starting evaluation of policy: '/var/ossec/ruleset/sca/cis_amazon_linux_2023.yml'
2025/10/28 20:07:55 indexer-connector: WARNING: No username and password found in the keystore, using default values.
2025/10/28 20:07:55 wazuh-modulesd:syscollector: INFO: Evaluation finished.
2025/10/28 20:07:55 indexer-connector: WARNING: IndexerConnector initialization failed for index 'wazuh-states-vulnerabilities-643fe08ee4e4', retrying until the connection is successful.
2025/10/28 20:07:55 wazuh-modulesd:vulnerability-scanner: INFO: Starting database file decompression.
2025/10/28 20:08:16 rootcheck: INFO: Ending rootcheck scan.
2025/10/28 20:08:20 wazuh-logcollector: INFO: (1225): SIGNAL [(15)-(Terminated)] Received. Exit Cleaning...
2025/10/28 20:08:20 wazuh-syscheckd: INFO: (1756): Shutdown received. Releasing resources.
2025/10/28 20:08:20 wazuh-authd: INFO: (1225): SIGNAL [(15)-(Terminated)] Received. Exit Cleaning...
2025/10/28 20:08:20 wazuh-execd: INFO: (1314): Shutdown received. Deleting responses.
2025/10/28 20:08:20 wazuh-db: INFO: (1225): SIGNAL [(15)-(Terminated)] Received. Exit Cleaning...
2025/10/28 20:08:20 wazuh-analysisd: INFO: (1225): SIGNAL [(15)-(Terminated)] Received. Exit Cleaning...
2025/10/28 20:08:20 wazuh-monitord: INFO: (1225): SIGNAL [(15)-(Terminated)] Received. Exit Cleaning...
2025/10/28 20:08:20 wazuh-remoted: INFO: (1225): SIGNAL [(15)-(Terminated)] Received. Exit Cleaning...
2025/10/28 20:08:20 wazuh-authd: INFO: (1225): SIGNAL [(1)-(Hangup)] Received. Exit Cleaning...
2025/10/28 20:08:20 wazuh-db: INFO: (1225): SIGNAL [(1)-(Hangup)] Received. Exit Cleaning...
2025/10/28 20:08:20 wazuh-execd: INFO: (1225): SIGNAL [(15)-(Terminated)] Received. Exit Cleaning...
2025/10/28 20:08:21 wazuh-authd: INFO: Exiting...
2025/10/28 20:08:21 wazuh-db: INFO: Graceful process shutdown.
2025/10/28 20:08:21 wazuh-syscheckd: INFO: (1225): SIGNAL [(15)-(Terminated)] Received. Exit Cleaning...
2025/10/28 20:08:32 wazuh-modulesd:router: INFO: Loaded router module.
2025/10/28 20:08:32 wazuh-modulesd:content_manager: INFO: Loaded content_manager module.
2025/10/28 20:08:34 wazuh-csyslogd: INFO: Remote syslog server not configured. Clean exit.
2025/10/28 20:08:34 wazuh-dbd: INFO: Database not configured. Clean exit.
2025/10/28 20:08:34 wazuh-integratord: INFO: Remote integrations not configured. Clean exit.
2025/10/28 20:08:34 wazuh-agentlessd: INFO: Not configured. Exiting.
2025/10/28 20:08:34 wazuh-authd: INFO: Started (pid: 504).
2025/10/28 20:08:34 wazuh-authd: INFO: Accepting connections on port 1515. No password required.
2025/10/28 20:08:34 wazuh-authd: INFO: Setting network timeout to 1.000000 sec.
2025/10/28 20:08:34 wazuh-db: INFO: Started (pid: 518).
2025/10/28 20:08:35 wazuh-db: INFO: Created Global database backup "backup/db/global.db-backup-2025-10-28-20:08:35.gz"
2025/10/28 20:08:35 wazuh-execd: INFO: Started (pid: 544).
2025/10/28 20:08:35 wazuh-syscheckd: INFO: Started (pid: 566).
2025/10/28 20:08:35 wazuh-syscheckd: INFO: (6003): Monitoring path: '/bin', with options 'size | permissions | owner | group | mtime | inode | hash_md5 | hash_sha1 | hash_sha256 | scheduled'.
2025/10/28 20:08:35 wazuh-syscheckd: INFO: (6003): Monitoring path: '/boot', with options 'size | permissions | owner | group | mtime | inode | hash_md5 | hash_sha1 | hash_sha256 | scheduled'.
2025/10/28 20:08:35 wazuh-syscheckd: INFO: (6003): Monitoring path: '/etc', with options 'size | permissions | owner | group | mtime | inode | hash_md5 | hash_sha1 | hash_sha256 | scheduled'.
2025/10/28 20:08:35 wazuh-syscheckd: INFO: (6003): Monitoring path: '/sbin', with options 'size | permissions | owner | group | mtime | inode | hash_md5 | hash_sha1 | hash_sha256 | scheduled'.
2025/10/28 20:08:35 wazuh-syscheckd: INFO: (6003): Monitoring path: '/usr/bin', with options 'size | permissions | owner | group | mtime | inode | hash_md5 | hash_sha1 | hash_sha256 | scheduled'.
2025/10/28 20:08:35 wazuh-syscheckd: INFO: (6003): Monitoring path: '/usr/sbin', with options 'size | permissions | owner | group | mtime | inode | hash_md5 | hash_sha1 | hash_sha256 | scheduled'.
2025/10/28 20:08:35 wazuh-syscheckd: INFO: (6206): Ignore 'file' entry '/etc/mtab'
2025/10/28 20:08:35 wazuh-syscheckd: INFO: (6206): Ignore 'file' entry '/etc/hosts.deny'
2025/10/28 20:08:35 wazuh-syscheckd: INFO: (6206): Ignore 'file' entry '/etc/mail/statistics'
2025/10/28 20:08:35 wazuh-syscheckd: INFO: (6206): Ignore 'file' entry '/etc/random-seed'
2025/10/28 20:08:35 wazuh-syscheckd: INFO: (6206): Ignore 'file' entry '/etc/random.seed'
2025/10/28 20:08:35 wazuh-syscheckd: INFO: (6206): Ignore 'file' entry '/etc/adjtime'
2025/10/28 20:08:35 wazuh-syscheckd: INFO: (6206): Ignore 'file' entry '/etc/httpd/logs'
2025/10/28 20:08:35 wazuh-syscheckd: INFO: (6206): Ignore 'file' entry '/etc/utmpx'
2025/10/28 20:08:35 wazuh-syscheckd: INFO: (6206): Ignore 'file' entry '/etc/wtmpx'
2025/10/28 20:08:35 wazuh-syscheckd: INFO: (6206): Ignore 'file' entry '/etc/cups/certs'
2025/10/28 20:08:35 wazuh-syscheckd: INFO: (6206): Ignore 'file' entry '/etc/dumpdates'
2025/10/28 20:08:35 wazuh-syscheckd: INFO: (6206): Ignore 'file' entry '/etc/svc/volatile'
2025/10/28 20:08:35 wazuh-syscheckd: INFO: (6207): Ignore 'file' sregex '.log$|.swp$'
2025/10/28 20:08:35 wazuh-syscheckd: INFO: (6004): No diff for file: '/etc/ssl/private.key'
2025/10/28 20:08:35 wazuh-syscheckd: INFO: (6000): Starting daemon...
2025/10/28 20:08:35 rootcheck: INFO: Starting rootcheck scan.
2025/10/28 20:08:35 wazuh-syscheckd: INFO: (6010): File integrity monitoring scan frequency: 43200 seconds
2025/10/28 20:08:35 wazuh-syscheckd: INFO: (6008): File integrity monitoring scan started.
2025/10/28 20:08:36 wazuh-syscheckd: INFO: (6009): File integrity monitoring scan ended.
2025/10/28 20:08:36 wazuh-syscheckd: INFO: FIM sync module started.
2025/10/28 20:08:36 wazuh-analysisd: INFO: Total rules enabled: '7006'
2025/10/28 20:08:36 wazuh-analysisd: INFO: Started (pid: 556).
2025/10/28 20:08:36 wazuh-remoted: INFO: Started (pid: 612). Listening on port 1514/TCP (secure).
2025/10/28 20:08:36 wazuh-remoted: INFO: (1410): Reading authentication keys file.
2025/10/28 20:08:36 wazuh-analysisd: INFO: (7200): Logtest started
2025/10/28 20:08:37 wazuh-analysisd: INFO: EPS limit disabled
2025/10/28 20:08:37 wazuh-logcollector: INFO: Monitoring output of command(360): df -P
2025/10/28 20:08:37 wazuh-logcollector: INFO: Monitoring full output of command(360): netstat -tulpn | sed 's/\([[:alnum:]]\+\)\ \+[[:digit:]]\+\ \+[[:digit:]]\+\ \+\(.*\):\([[:digit:]]*\)\ \+\([0-9\.\:\*]\+\).\+\ \([[:digit:]]*\/[[:alnum:]\-]*\).*/\1 \2 == \3 == \4 \5/' | sort -k 4 -g | sed 's/ == \(.*\) ==/:\1/' | sed 1,2d
2025/10/28 20:08:37 wazuh-logcollector: INFO: Monitoring full output of command(360): last -n 20
2025/10/28 20:08:37 wazuh-logcollector: INFO: (1950): Analyzing file: '/var/ossec/logs/active-responses.log'.
2025/10/28 20:08:37 wazuh-logcollector: INFO: Started (pid: 838).
2025/10/28 20:08:37 wazuh-monitord: INFO: Started (pid: 857).
2025/10/28 20:08:38 wazuh-modulesd:router: INFO: Loaded router module.
2025/10/28 20:08:38 wazuh-modulesd:content_manager: INFO: Loaded content_manager module.
2025/10/28 20:08:38 wazuh-modulesd: INFO: Started (pid: 906).
2025/10/28 20:08:38 wazuh-modulesd:agent-upgrade: INFO: (8153): Module Agent Upgrade started.
2025/10/28 20:08:38 wazuh-modulesd:ciscat: INFO: Module disabled. Exiting...
2025/10/28 20:08:38 wazuh-modulesd:osquery: INFO: Module disabled. Exiting...
2025/10/28 20:08:38 sca: INFO: Module started.
2025/10/28 20:08:38 wazuh-modulesd:task-manager: INFO: (8200): Module Task Manager started.
2025/10/28 20:08:38 wazuh-modulesd:vulnerability-scanner: INFO: Starting vulnerability_scanner module.
2025/10/28 20:08:38 sca: INFO: Loaded policy '/var/ossec/ruleset/sca/cis_amazon_linux_2023.yml'
2025/10/28 20:08:38 wazuh-modulesd:router: INFO: Starting router module.
2025/10/28 20:08:38 sca: INFO: Starting Security Configuration Assessment scan.
2025/10/28 20:08:38 wazuh-modulesd:content_manager: INFO: Starting content_manager module.
2025/10/28 20:08:38 wazuh-modulesd:database: INFO: Module started.
2025/10/28 20:08:38 wazuh-modulesd:syscollector: INFO: Module started.
2025/10/28 20:08:38 wazuh-modulesd:download: INFO: Module started.
2025/10/28 20:08:38 wazuh-modulesd:syscollector: INFO: Starting evaluation.
2025/10/28 20:08:38 wazuh-modulesd:control: INFO: Starting control thread.
2025/10/28 20:08:38 sca: INFO: Starting evaluation of policy: '/var/ossec/ruleset/sca/cis_amazon_linux_2023.yml'
2025/10/28 20:08:39 indexer-connector: WARNING: No username and password found in the keystore, using default values.
2025/10/28 20:08:39 wazuh-modulesd:syscollector: INFO: Evaluation finished.
2025/10/28 20:08:39 indexer-connector: WARNING: IndexerConnector initialization failed for index 'wazuh-states-vulnerabilities-3e28070aa558', retrying until the connection is successful.
2025/10/28 20:08:39 wazuh-modulesd:vulnerability-scanner: INFO: Starting database file decompression.
2025/10/28 20:09:01 rootcheck: INFO: Ending rootcheck scan.
2025/10/28 20:09:05 wazuh-modulesd:vulnerability-scanner: INFO: Database decompression finished.
2025/10/28 20:09:06 wazuh-modulesd:vulnerability-scanner: INFO: Vulnerability scanner module started.
2025/10/28 20:09:13 wazuh-modulesd:content-updater: ERROR: Action for 'vulnerability_feed_manager' failed: Orchestration run failed: Error -1 from server: Couldn't resolve host name.
2025/10/28 20:09:43 sca: INFO: Evaluation finished for policy '/var/ossec/ruleset/sca/cis_amazon_linux_2023.yml'
2025/10/28 20:09:43 sca: INFO: Security Configuration Assessment scan finished. Duration: 65 seconds.
2025/10/28 20:10:05 sca: INFO: Integration checksum failed for policy '/var/ossec/ruleset/sca/cis_amazon_linux_2023.yml'. Resending scan results in 277 seconds.
2025/10/28 20:10:23 wazuh-syscheckd: INFO: (1756): Shutdown received. Releasing resources.
2025/10/28 20:10:23 wazuh-logcollector: INFO: (1225): SIGNAL [(15)-(Terminated)] Received. Exit Cleaning...
2025/10/28 20:10:23 wazuh-execd: INFO: (1314): Shutdown received. Deleting responses.
2025/10/28 20:10:23 wazuh-remoted: INFO: (1225): SIGNAL [(15)-(Terminated)] Received. Exit Cleaning...
2025/10/28 20:10:23 wazuh-monitord: INFO: (1225): SIGNAL [(15)-(Terminated)] Received. Exit Cleaning...
2025/10/28 20:10:23 wazuh-db: INFO: (1225): SIGNAL [(15)-(Terminated)] Received. Exit Cleaning...
2025/10/28 20:10:23 wazuh-analysisd: INFO: (1225): SIGNAL [(15)-(Terminated)] Received. Exit Cleaning...
2025/10/28 20:10:23 wazuh-authd: INFO: (1225): SIGNAL [(15)-(Terminated)] Received. Exit Cleaning...
2025/10/28 20:10:23 wazuh-execd: INFO: (1225): SIGNAL [(15)-(Terminated)] Received. Exit Cleaning...
2025/10/28 20:10:23 wazuh-authd: INFO: (1225): SIGNAL [(1)-(Hangup)] Received. Exit Cleaning...
2025/10/28 20:10:23 wazuh-db: INFO: (1225): SIGNAL [(1)-(Hangup)] Received. Exit Cleaning...
2025/10/28 20:10:24 wazuh-authd: INFO: Exiting...
2025/10/28 20:10:24 wazuh-db: INFO: Graceful process shutdown.
2025/10/28 20:10:24 wazuh-syscheckd: INFO: (1225): SIGNAL [(15)-(Terminated)] Received. Exit Cleaning...
2025/10/28 20:11:53 wazuh-modulesd:router: INFO: Loaded router module.
2025/10/28 20:11:53 wazuh-modulesd:content_manager: INFO: Loaded content_manager module.
2025/10/28 20:11:54 wazuh-csyslogd: INFO: Remote syslog server not configured. Clean exit.
2025/10/28 20:11:54 wazuh-dbd: INFO: Database not configured. Clean exit.
2025/10/28 20:11:54 wazuh-integratord: INFO: Remote integrations not configured. Clean exit.
2025/10/28 20:11:54 wazuh-agentlessd: INFO: Not configured. Exiting.
2025/10/28 20:11:54 wazuh-authd: INFO: Started (pid: 504).
2025/10/28 20:11:54 wazuh-authd: INFO: Accepting connections on port 1515. No password required.
2025/10/28 20:11:54 wazuh-authd: INFO: Setting network timeout to 1.000000 sec.
2025/10/28 20:11:55 wazuh-db: INFO: Started (pid: 518).
2025/10/28 20:11:55 wazuh-db: INFO: Created Global database backup "backup/db/global.db-backup-2025-10-28-20:11:55.gz"
2025/10/28 20:11:56 wazuh-execd: INFO: Started (pid: 566).
2025/10/28 20:11:56 wazuh-authd: INFO: (1225): SIGNAL [(15)-(Terminated)] Received. Exit Cleaning...
2025/10/28 20:11:56 wazuh-execd: INFO: (1314): Shutdown received. Deleting responses.
2025/10/28 20:11:56 wazuh-db: INFO: (1225): SIGNAL [(15)-(Terminated)] Received. Exit Cleaning...
2025/10/28 20:11:56 wazuh-authd: INFO: (1225): SIGNAL [(1)-(Hangup)] Received. Exit Cleaning...
2025/10/28 20:11:56 wazuh-db: INFO: (1225): SIGNAL [(1)-(Hangup)] Received. Exit Cleaning...
2025/10/28 20:11:56 wazuh-analysisd: INFO: (1225): SIGNAL [(15)-(Terminated)] Received. Exit Cleaning...
2025/10/28 20:11:56 wazuh-execd: INFO: (1225): SIGNAL [(15)-(Terminated)] Received. Exit Cleaning...
2025/10/28 20:11:56 wazuh-db: INFO: Graceful process shutdown.
2025/10/28 20:12:09 wazuh-modulesd:router: INFO: Loaded router module.
2025/10/28 20:12:09 wazuh-modulesd:content_manager: INFO: Loaded content_manager module.
2025/10/28 20:12:11 wazuh-csyslogd: INFO: Remote syslog server not configured. Clean exit.
2025/10/28 20:12:11 wazuh-dbd: INFO: Database not configured. Clean exit.
2025/10/28 20:12:11 wazuh-integratord: INFO: Remote integrations not configured. Clean exit.
2025/10/28 20:12:11 wazuh-agentlessd: INFO: Not configured. Exiting.
2025/10/28 20:12:11 wazuh-authd: INFO: Started (pid: 504).
2025/10/28 20:12:11 wazuh-authd: INFO: Accepting connections on port 1515. No password required.
2025/10/28 20:12:11 wazuh-authd: INFO: Setting network timeout to 1.000000 sec.
2025/10/28 20:12:11 wazuh-db: INFO: Started (pid: 518).
2025/10/28 20:12:12 wazuh-db: INFO: Created Global database backup "backup/db/global.db-backup-2025-10-28-20:12:12.gz"
2025/10/28 20:12:12 wazuh-execd: INFO: Started (pid: 553).
2025/10/28 20:12:13 wazuh-analysisd: INFO: Total rules enabled: '7006'
2025/10/28 20:12:13 wazuh-analysisd: INFO: Started (pid: 565).
2025/10/28 20:12:13 wazuh-analysisd: INFO: (7200): Logtest started
2025/10/28 20:12:13 wazuh-analysisd: INFO: EPS limit disabled
2025/10/28 20:12:13 wazuh-syscheckd: INFO: Started (pid: 735).
2025/10/28 20:12:13 wazuh-syscheckd: INFO: (6003): Monitoring path: '/bin', with options 'size | permissions | owner | group | mtime | inode | hash_md5 | hash_sha1 | hash_sha256 | scheduled'.
2025/10/28 20:12:13 wazuh-syscheckd: INFO: (6003): Monitoring path: '/boot', with options 'size | permissions | owner | group | mtime | inode | hash_md5 | hash_sha1 | hash_sha256 | scheduled'.
2025/10/28 20:12:13 wazuh-syscheckd: INFO: (6003): Monitoring path: '/etc', with options 'size | permissions | owner | group | mtime | inode | hash_md5 | hash_sha1 | hash_sha256 | scheduled'.
2025/10/28 20:12:13 wazuh-syscheckd: INFO: (6003): Monitoring path: '/sbin', with options 'size | permissions | owner | group | mtime | inode | hash_md5 | hash_sha1 | hash_sha256 | scheduled'.
2025/10/28 20:12:13 wazuh-syscheckd: INFO: (6003): Monitoring path: '/usr/bin', with options 'size | permissions | owner | group | mtime | inode | hash_md5 | hash_sha1 | hash_sha256 | scheduled'.
2025/10/28 20:12:13 wazuh-syscheckd: INFO: (6003): Monitoring path: '/usr/sbin', with options 'size | permissions | owner | group | mtime | inode | hash_md5 | hash_sha1 | hash_sha256 | scheduled'.
2025/10/28 20:12:13 wazuh-syscheckd: INFO: (6206): Ignore 'file' entry '/etc/mtab'
2025/10/28 20:12:13 wazuh-syscheckd: INFO: (6206): Ignore 'file' entry '/etc/hosts.deny'
2025/10/28 20:12:13 wazuh-syscheckd: INFO: (6206): Ignore 'file' entry '/etc/mail/statistics'
2025/10/28 20:12:13 wazuh-syscheckd: INFO: (6206): Ignore 'file' entry '/etc/random-seed'
2025/10/28 20:12:13 wazuh-syscheckd: INFO: (6206): Ignore 'file' entry '/etc/random.seed'
2025/10/28 20:12:13 wazuh-syscheckd: INFO: (6206): Ignore 'file' entry '/etc/adjtime'
2025/10/28 20:12:13 wazuh-syscheckd: INFO: (6206): Ignore 'file' entry '/etc/httpd/logs'
2025/10/28 20:12:13 wazuh-syscheckd: INFO: (6206): Ignore 'file' entry '/etc/utmpx'
2025/10/28 20:12:13 wazuh-syscheckd: INFO: (6206): Ignore 'file' entry '/etc/wtmpx'
2025/10/28 20:12:13 wazuh-syscheckd: INFO: (6206): Ignore 'file' entry '/etc/cups/certs'
2025/10/28 20:12:13 wazuh-syscheckd: INFO: (6206): Ignore 'file' entry '/etc/dumpdates'
2025/10/28 20:12:13 wazuh-syscheckd: INFO: (6206): Ignore 'file' entry '/etc/svc/volatile'
2025/10/28 20:12:13 wazuh-syscheckd: INFO: (6207): Ignore 'file' sregex '.log$|.swp$'
2025/10/28 20:12:13 wazuh-syscheckd: INFO: (6004): No diff for file: '/etc/ssl/private.key'
2025/10/28 20:12:13 wazuh-syscheckd: INFO: (6000): Starting daemon...
2025/10/28 20:12:13 rootcheck: INFO: Starting rootcheck scan.
2025/10/28 20:12:13 wazuh-syscheckd: INFO: (6010): File integrity monitoring scan frequency: 43200 seconds
2025/10/28 20:12:13 wazuh-syscheckd: INFO: (6008): File integrity monitoring scan started.
2025/10/28 20:12:14 wazuh-syscheckd: INFO: (6009): File integrity monitoring scan ended.
2025/10/28 20:12:14 wazuh-syscheckd: INFO: FIM sync module started.
2025/10/28 20:12:14 wazuh-remoted: INFO: Started (pid: 775). Listening on port 1514/TCP (secure).
2025/10/28 20:12:14 wazuh-remoted: INFO: (1410): Reading authentication keys file.
2025/10/28 20:12:15 wazuh-logcollector: INFO: Monitoring output of command(360): df -P
2025/10/28 20:12:15 wazuh-logcollector: INFO: Monitoring full output of command(360): netstat -tulpn | sed 's/\([[:alnum:]]\+\)\ \+[[:digit:]]\+\ \+[[:digit:]]\+\ \+\(.*\):\([[:digit:]]*\)\ \+\([0-9\.\:\*]\+\).\+\ \([[:digit:]]*\/[[:alnum:]\-]*\).*/\1 \2 == \3 == \4 \5/' | sort -k 4 -g | sed 's/ == \(.*\) ==/:\1/' | sed 1,2d
2025/10/28 20:12:15 wazuh-logcollector: INFO: Monitoring full output of command(360): last -n 20
2025/10/28 20:12:15 wazuh-logcollector: INFO: (1950): Analyzing file: '/var/ossec/logs/active-responses.log'.
2025/10/28 20:12:15 wazuh-logcollector: INFO: Started (pid: 847).
2025/10/28 20:12:15 wazuh-monitord: INFO: Started (pid: 864).
2025/10/28 20:12:15 wazuh-modulesd:router: INFO: Loaded router module.
2025/10/28 20:12:15 wazuh-modulesd:content_manager: INFO: Loaded content_manager module.
2025/10/28 20:12:15 wazuh-modulesd: INFO: Started (pid: 876).
2025/10/28 20:12:15 wazuh-modulesd:agent-upgrade: INFO: (8153): Module Agent Upgrade started.
2025/10/28 20:12:15 wazuh-modulesd:ciscat: INFO: Module disabled. Exiting...
2025/10/28 20:12:15 wazuh-modulesd:osquery: INFO: Module disabled. Exiting...
2025/10/28 20:12:15 wazuh-modulesd:task-manager: INFO: (8200): Module Task Manager started.
2025/10/28 20:12:15 sca: INFO: Module started.
2025/10/28 20:12:15 wazuh-modulesd:vulnerability-scanner: INFO: Starting vulnerability_scanner module.
2025/10/28 20:12:15 sca: INFO: Loaded policy '/var/ossec/ruleset/sca/cis_amazon_linux_2023.yml'
2025/10/28 20:12:15 wazuh-modulesd:router: INFO: Starting router module.
2025/10/28 20:12:16 wazuh-modulesd:content_manager: INFO: Starting content_manager module.
2025/10/28 20:12:16 sca: INFO: Starting Security Configuration Assessment scan.
2025/10/28 20:12:16 wazuh-modulesd:database: INFO: Module started.
2025/10/28 20:12:16 wazuh-modulesd:download: INFO: Module started.
2025/10/28 20:12:16 wazuh-modulesd:control: INFO: Starting control thread.
2025/10/28 20:12:16 wazuh-modulesd:syscollector: INFO: Module started.
2025/10/28 20:12:16 wazuh-modulesd:syscollector: INFO: Starting evaluation.
2025/10/28 20:12:16 sca: INFO: Starting evaluation of policy: '/var/ossec/ruleset/sca/cis_amazon_linux_2023.yml'
2025/10/28 20:12:16 indexer-connector: WARNING: No username and password found in the keystore, using default values.
2025/10/28 20:12:16 wazuh-modulesd:syscollector: INFO: Evaluation finished.
2025/10/28 20:12:16 indexer-connector: WARNING: IndexerConnector initialization failed for index 'wazuh-states-vulnerabilities-78eb08c58980', retrying until the connection is successful.
2025/10/28 20:12:16 wazuh-modulesd:vulnerability-scanner: INFO: Starting database file decompression.
2025/10/28 20:12:39 rootcheck: INFO: Ending rootcheck scan.
2025/10/28 20:12:43 wazuh-modulesd:vulnerability-scanner: INFO: Database decompression finished.
2025/10/28 20:12:43 wazuh-modulesd:vulnerability-scanner: INFO: Vulnerability scanner module started.
2025/10/28 20:12:51 wazuh-modulesd:content-updater: ERROR: Action for 'vulnerability_feed_manager' failed: Orchestration run failed: Error -1 from server: Couldn't resolve host name.
2025/10/28 20:12:55 wazuh-db: INFO: (1225): SIGNAL [(15)-(Terminated)] Received. Exit Cleaning...
2025/10/28 20:12:55 wazuh-authd: INFO: (1225): SIGNAL [(15)-(Terminated)] Received. Exit Cleaning...
2025/10/28 20:12:55 wazuh-remoted: INFO: (1225): SIGNAL [(15)-(Terminated)] Received. Exit Cleaning...
2025/10/28 20:12:55 wazuh-monitord: INFO: (1225): SIGNAL [(15)-(Terminated)] Received. Exit Cleaning...
2025/10/28 20:12:55 wazuh-authd: INFO: (1225): SIGNAL [(1)-(Hangup)] Received. Exit Cleaning...
2025/10/28 20:12:55 wazuh-syscheckd: INFO: (1756): Shutdown received. Releasing resources.
2025/10/28 20:12:55 wazuh-execd: INFO: (1314): Shutdown received. Deleting responses.
2025/10/28 20:12:55 wazuh-db: INFO: (1225): SIGNAL [(1)-(Hangup)] Received. Exit Cleaning...
2025/10/28 20:12:55 wazuh-execd: INFO: (1225): SIGNAL [(15)-(Terminated)] Received. Exit Cleaning...
2025/10/28 20:12:55 wazuh-logcollector: INFO: (1225): SIGNAL [(15)-(Terminated)] Received. Exit Cleaning...
2025/10/28 20:12:55 wazuh-analysisd: INFO: (1225): SIGNAL [(15)-(Terminated)] Received. Exit Cleaning...
2025/10/28 20:12:55 wazuh-syscheckd: INFO: (1225): SIGNAL [(15)-(Terminated)] Received. Exit Cleaning...
2025/10/28 20:12:56 wazuh-authd: INFO: Exiting...
2025/10/28 20:17:21 wazuh-modulesd:router: INFO: Loaded router module.
2025/10/28 20:17:21 wazuh-modulesd:content_manager: INFO: Loaded content_manager module.
2025/10/28 20:17:23 wazuh-csyslogd: INFO: Remote syslog server not configured. Clean exit.
2025/10/28 20:17:23 wazuh-dbd: INFO: Database not configured. Clean exit.
2025/10/28 20:17:23 wazuh-integratord: INFO: Remote integrations not configured. Clean exit.
2025/10/28 20:17:23 wazuh-agentlessd: INFO: Not configured. Exiting.
2025/10/28 20:17:23 wazuh-authd: INFO: Started (pid: 504).
2025/10/28 20:17:23 wazuh-authd: INFO: Accepting connections on port 1515. No password required.
2025/10/28 20:17:23 wazuh-authd: INFO: Setting network timeout to 1.000000 sec.
2025/10/28 20:17:23 wazuh-db: INFO: Started (pid: 518).
2025/10/28 20:17:23 wazuh-db: INFO: Created Global database backup "backup/db/global.db-backup-2025-10-28-20:17:23.gz"
2025/10/28 20:17:24 wazuh-execd: INFO: Started (pid: 544).
2025/10/28 20:17:24 wazuh-syscheckd: INFO: Started (pid: 566).
2025/10/28 20:17:24 wazuh-syscheckd: INFO: (6003): Monitoring path: '/bin', with options 'size | permissions | owner | group | mtime | inode | hash_md5 | hash_sha1 | hash_sha256 | scheduled'.
2025/10/28 20:17:24 wazuh-syscheckd: INFO: (6003): Monitoring path: '/boot', with options 'size | permissions | owner | group | mtime | inode | hash_md5 | hash_sha1 | hash_sha256 | scheduled'.
2025/10/28 20:17:24 wazuh-syscheckd: INFO: (6003): Monitoring path: '/etc', with options 'size | permissions | owner | group | mtime | inode | hash_md5 | hash_sha1 | hash_sha256 | scheduled'.
2025/10/28 20:17:24 wazuh-syscheckd: INFO: (6003): Monitoring path: '/sbin', with options 'size | permissions | owner | group | mtime | inode | hash_md5 | hash_sha1 | hash_sha256 | scheduled'.
2025/10/28 20:17:24 wazuh-syscheckd: INFO: (6003): Monitoring path: '/usr/bin', with options 'size | permissions | owner | group | mtime | inode | hash_md5 | hash_sha1 | hash_sha256 | scheduled'.
2025/10/28 20:17:24 wazuh-syscheckd: INFO: (6003): Monitoring path: '/usr/sbin', with options 'size | permissions | owner | group | mtime | inode | hash_md5 | hash_sha1 | hash_sha256 | scheduled'.
2025/10/28 20:17:24 wazuh-syscheckd: INFO: (6206): Ignore 'file' entry '/etc/mtab'
2025/10/28 20:17:24 wazuh-syscheckd: INFO: (6206): Ignore 'file' entry '/etc/hosts.deny'
2025/10/28 20:17:24 wazuh-syscheckd: INFO: (6206): Ignore 'file' entry '/etc/mail/statistics'
2025/10/28 20:17:24 wazuh-syscheckd: INFO: (6206): Ignore 'file' entry '/etc/random-seed'
2025/10/28 20:17:24 wazuh-syscheckd: INFO: (6206): Ignore 'file' entry '/etc/random.seed'
2025/10/28 20:17:24 wazuh-syscheckd: INFO: (6206): Ignore 'file' entry '/etc/adjtime'
2025/10/28 20:17:24 wazuh-syscheckd: INFO: (6206): Ignore 'file' entry '/etc/httpd/logs'
2025/10/28 20:17:24 wazuh-syscheckd: INFO: (6206): Ignore 'file' entry '/etc/utmpx'
2025/10/28 20:17:24 wazuh-syscheckd: INFO: (6206): Ignore 'file' entry '/etc/wtmpx'
2025/10/28 20:17:24 wazuh-syscheckd: INFO: (6206): Ignore 'file' entry '/etc/cups/certs'
2025/10/28 20:17:24 wazuh-syscheckd: INFO: (6206): Ignore 'file' entry '/etc/dumpdates'
2025/10/28 20:17:24 wazuh-syscheckd: INFO: (6206): Ignore 'file' entry '/etc/svc/volatile'
2025/10/28 20:17:24 wazuh-syscheckd: INFO: (6207): Ignore 'file' sregex '.log$|.swp$'
2025/10/28 20:17:24 wazuh-syscheckd: INFO: (6004): No diff for file: '/etc/ssl/private.key'
2025/10/28 20:17:24 wazuh-syscheckd: INFO: (6000): Starting daemon...
2025/10/28 20:17:24 rootcheck: INFO: Starting rootcheck scan.
2025/10/28 20:17:24 wazuh-syscheckd: INFO: (6010): File integrity monitoring scan frequency: 43200 seconds
2025/10/28 20:17:24 wazuh-syscheckd: INFO: (6008): File integrity monitoring scan started.
2025/10/28 20:17:24 wazuh-syscheckd: INFO: (6009): File integrity monitoring scan ended.
2025/10/28 20:17:24 wazuh-syscheckd: INFO: FIM sync module started.
2025/10/28 20:17:25 wazuh-db: INFO: (1225): SIGNAL [(15)-(Terminated)] Received. Exit Cleaning...
2025/10/28 20:17:25 wazuh-authd: INFO: (1225): SIGNAL [(15)-(Terminated)] Received. Exit Cleaning...
2025/10/28 20:17:25 wazuh-execd: INFO: (1314): Shutdown received. Deleting responses.
2025/10/28 20:17:25 wazuh-db: INFO: (1225): SIGNAL [(1)-(Hangup)] Received. Exit Cleaning...
2025/10/28 20:17:25 wazuh-syscheckd: INFO: (1756): Shutdown received. Releasing resources.
2025/10/28 20:17:25 wazuh-authd: INFO: (1225): SIGNAL [(1)-(Hangup)] Received. Exit Cleaning...
2025/10/28 20:17:25 wazuh-execd: INFO: (1225): SIGNAL [(15)-(Terminated)] Received. Exit Cleaning...
2025/10/28 20:17:25 wazuh-syscheckd: INFO: (1225): SIGNAL [(15)-(Terminated)] Received. Exit Cleaning...
2025/10/28 20:17:25 wazuh-analysisd: INFO: (1225): SIGNAL [(15)-(Terminated)] Received. Exit Cleaning...
2025/10/28 20:17:57 wazuh-modulesd:router: INFO: Loaded router module.
2025/10/28 20:17:57 wazuh-modulesd:content_manager: INFO: Loaded content_manager module.
