[20 - Suricata-Main] 2025-10-19 22:09:09 Notice: suricata: This is Suricata version 7.0.7 RELEASE running in SYSTEM mode
[20 - Suricata-Main] 2025-10-19 22:09:09 Info: cpu: CPUs/cores online: 16
[20 - Suricata-Main] 2025-10-19 22:09:09 Notice: runmodes: thread stack size of 131072 to too small: setting to 512k
[20 - Suricata-Main] 2025-10-19 22:09:09 Info: suricata: Setting engine mode to IDS mode by default
[20 - Suricata-Main] 2025-10-19 22:09:09 Info: ioctl: eth1: MTU 1500
[20 - Suricata-Main] 2025-10-19 22:09:09 Info: ioctl: eth2: MTU 1500
[21 - Suricata-Main] 2025-10-19 22:09:09 Info: suricata: No 'host-mode': suricata is in IDS mode, using default setting 'sniffer-only'
[21 - Suricata-Main] 2025-10-19 22:09:09 Info: logopenfile: eve-log output device (regular) initialized: /var/log/suricata/eve.json
[21 - Suricata-Main] 2025-10-19 22:09:09 Warning: classification-config: could not open: "/etc/suricata//classification.config": No such file or directory
[21 - Suricata-Main] 2025-10-19 22:09:09 Error: classification-config: please check the "classification-file" option in your suricata.yaml file
[21 - Suricata-Main] 2025-10-19 22:09:09 Error: reference-config: Error opening file: "/etc/suricata//reference.config": No such file or directory
[21 - Suricata-Main] 2025-10-19 22:09:09 Error: reference-config: please check the "reference-config-file" option in your suricata.yaml file
[21 - Suricata-Main] 2025-10-19 22:09:09 Info: detect: No signatures supplied.
[21 - Suricata-Main] 2025-10-19 22:09:10 Info: runmodes: eth1: creating 16 threads
[21 - Suricata-Main] 2025-10-19 22:09:10 Info: runmodes: eth2: creating 16 threads
[21 - Suricata-Main] 2025-10-19 22:09:14 Notice: threads: Threads created -> W: 32 FM: 1 FR: 1   Engine started.
[20 - Suricata-Main] 2025-10-19 22:20:21 Notice: suricata: This is Suricata version 7.0.7 RELEASE running in SYSTEM mode
[20 - Suricata-Main] 2025-10-19 22:20:21 Info: cpu: CPUs/cores online: 16
[20 - Suricata-Main] 2025-10-19 22:20:21 Notice: runmodes: thread stack size of 131072 to too small: setting to 512k
[20 - Suricata-Main] 2025-10-19 22:20:21 Info: suricata: Setting engine mode to IDS mode by default
[20 - Suricata-Main] 2025-10-19 22:20:22 Info: ioctl: eth1: MTU 1500
[20 - Suricata-Main] 2025-10-19 22:20:22 Info: ioctl: eth2: MTU 1500
[21 - Suricata-Main] 2025-10-19 22:20:22 Info: suricata: No 'host-mode': suricata is in IDS mode, using default setting 'sniffer-only'
[21 - Suricata-Main] 2025-10-19 22:20:22 Info: logopenfile: eve-log output device (regular) initialized: /var/log/suricata/eve.json
[21 - Suricata-Main] 2025-10-19 22:20:22 Warning: classification-config: could not open: "/etc/suricata//classification.config": No such file or directory
[21 - Suricata-Main] 2025-10-19 22:20:22 Error: classification-config: please check the "classification-file" option in your suricata.yaml file
[21 - Suricata-Main] 2025-10-19 22:20:22 Error: reference-config: Error opening file: "/etc/suricata//reference.config": No such file or directory
[21 - Suricata-Main] 2025-10-19 22:20:22 Error: reference-config: please check the "reference-config-file" option in your suricata.yaml file
[21 - Suricata-Main] 2025-10-19 22:20:22 Info: detect: No signatures supplied.
[21 - Suricata-Main] 2025-10-19 22:20:22 Info: runmodes: eth1: creating 16 threads
[21 - Suricata-Main] 2025-10-19 22:20:22 Info: runmodes: eth2: creating 16 threads
[21 - Suricata-Main] 2025-10-19 22:20:28 Notice: threads: Threads created -> W: 32 FM: 1 FR: 1   Engine started.
[20 - Suricata-Main] 2025-10-19 22:21:22 Notice: suricata: This is Suricata version 7.0.7 RELEASE running in SYSTEM mode
[20 - Suricata-Main] 2025-10-19 22:21:22 Info: cpu: CPUs/cores online: 16
[20 - Suricata-Main] 2025-10-19 22:21:22 Notice: runmodes: thread stack size of 131072 to too small: setting to 512k
[20 - Suricata-Main] 2025-10-19 22:21:22 Info: suricata: Setting engine mode to IDS mode by default
[20 - Suricata-Main] 2025-10-19 22:21:22 Info: ioctl: eth1: MTU 1500
[20 - Suricata-Main] 2025-10-19 22:21:22 Info: ioctl: eth2: MTU 1500
[21 - Suricata-Main] 2025-10-19 22:21:22 Info: suricata: No 'host-mode': suricata is in IDS mode, using default setting 'sniffer-only'
[21 - Suricata-Main] 2025-10-19 22:21:22 Info: logopenfile: eve-log output device (regular) initialized: /var/log/suricata/eve.json
[21 - Suricata-Main] 2025-10-19 22:21:22 Warning: classification-config: could not open: "/etc/suricata//classification.config": No such file or directory
[21 - Suricata-Main] 2025-10-19 22:21:22 Error: classification-config: please check the "classification-file" option in your suricata.yaml file
[21 - Suricata-Main] 2025-10-19 22:21:22 Error: reference-config: Error opening file: "/etc/suricata//reference.config": No such file or directory
[21 - Suricata-Main] 2025-10-19 22:21:22 Error: reference-config: please check the "reference-config-file" option in your suricata.yaml file
[21 - Suricata-Main] 2025-10-19 22:21:22 Info: detect: No signatures supplied.
[21 - Suricata-Main] 2025-10-19 22:21:23 Info: runmodes: eth1: creating 16 threads
[21 - Suricata-Main] 2025-10-19 22:21:23 Info: runmodes: eth2: creating 16 threads
[21 - Suricata-Main] 2025-10-19 22:21:28 Notice: threads: Threads created -> W: 32 FM: 1 FR: 1   Engine started.
[20 - Suricata-Main] 2025-10-19 23:47:08 Notice: suricata: This is Suricata version 7.0.7 RELEASE running in SYSTEM mode
[20 - Suricata-Main] 2025-10-19 23:47:08 Info: cpu: CPUs/cores online: 16
[20 - Suricata-Main] 2025-10-19 23:47:08 Notice: runmodes: thread stack size of 131072 to too small: setting to 512k
[20 - Suricata-Main] 2025-10-19 23:47:08 Info: suricata: Setting engine mode to IDS mode by default
[20 - Suricata-Main] 2025-10-19 23:47:08 Info: ioctl: eth1: MTU 1500
[20 - Suricata-Main] 2025-10-19 23:47:08 Info: ioctl: eth2: MTU 1500
[21 - Suricata-Main] 2025-10-19 23:47:08 Info: suricata: No 'host-mode': suricata is in IDS mode, using default setting 'sniffer-only'
[21 - Suricata-Main] 2025-10-19 23:47:08 Info: logopenfile: eve-log output device (regular) initialized: /var/log/suricata/eve.json
[21 - Suricata-Main] 2025-10-19 23:47:08 Warning: classification-config: could not open: "/etc/suricata//classification.config": No such file or directory
[21 - Suricata-Main] 2025-10-19 23:47:08 Error: classification-config: please check the "classification-file" option in your suricata.yaml file
[21 - Suricata-Main] 2025-10-19 23:47:08 Error: reference-config: Error opening file: "/etc/suricata//reference.config": No such file or directory
[21 - Suricata-Main] 2025-10-19 23:47:08 Error: reference-config: please check the "reference-config-file" option in your suricata.yaml file
[21 - Suricata-Main] 2025-10-19 23:47:08 Info: detect: No signatures supplied.
[21 - Suricata-Main] 2025-10-19 23:47:08 Info: runmodes: eth1: creating 16 threads
[21 - Suricata-Main] 2025-10-19 23:47:08 Info: runmodes: eth2: creating 16 threads
[21 - Suricata-Main] 2025-10-19 23:47:14 Notice: threads: Threads created -> W: 32 FM: 1 FR: 1   Engine started.
[20 - Suricata-Main] 2025-10-20 00:02:42 Notice: suricata: This is Suricata version 7.0.7 RELEASE running in SYSTEM mode
[20 - Suricata-Main] 2025-10-20 00:02:42 Info: cpu: CPUs/cores online: 16
[20 - Suricata-Main] 2025-10-20 00:02:42 Notice: runmodes: thread stack size of 131072 to too small: setting to 512k
[20 - Suricata-Main] 2025-10-20 00:02:42 Info: suricata: Setting engine mode to IDS mode by default
[20 - Suricata-Main] 2025-10-20 00:02:42 Info: ioctl: eth1: MTU 1500
[20 - Suricata-Main] 2025-10-20 00:02:42 Info: ioctl: eth2: MTU 1500
[21 - Suricata-Main] 2025-10-20 00:02:42 Info: suricata: No 'host-mode': suricata is in IDS mode, using default setting 'sniffer-only'
[21 - Suricata-Main] 2025-10-20 00:02:42 Info: logopenfile: eve-log output device (regular) initialized: /var/log/suricata/eve.json
[21 - Suricata-Main] 2025-10-20 00:02:42 Warning: classification-config: could not open: "/etc/suricata//classification.config": No such file or directory
[21 - Suricata-Main] 2025-10-20 00:02:42 Error: classification-config: please check the "classification-file" option in your suricata.yaml file
[21 - Suricata-Main] 2025-10-20 00:02:42 Error: reference-config: Error opening file: "/etc/suricata//reference.config": No such file or directory
[21 - Suricata-Main] 2025-10-20 00:02:42 Error: reference-config: please check the "reference-config-file" option in your suricata.yaml file
[21 - Suricata-Main] 2025-10-20 00:02:42 Info: detect: No signatures supplied.
[21 - Suricata-Main] 2025-10-20 00:02:42 Info: runmodes: eth1: creating 16 threads
[21 - Suricata-Main] 2025-10-20 00:02:42 Info: runmodes: eth2: creating 16 threads
[21 - Suricata-Main] 2025-10-20 00:02:48 Notice: threads: Threads created -> W: 32 FM: 1 FR: 1   Engine started.
[20 - Suricata-Main] 2025-10-20 00:07:33 Notice: suricata: This is Suricata version 7.0.7 RELEASE running in SYSTEM mode
[20 - Suricata-Main] 2025-10-20 00:07:33 Info: cpu: CPUs/cores online: 16
[20 - Suricata-Main] 2025-10-20 00:07:33 Notice: runmodes: thread stack size of 131072 to too small: setting to 512k
[20 - Suricata-Main] 2025-10-20 00:07:33 Info: suricata: Setting engine mode to IDS mode by default
[20 - Suricata-Main] 2025-10-20 00:07:33 Info: ioctl: eth1: MTU 1500
[20 - Suricata-Main] 2025-10-20 00:07:33 Info: ioctl: eth2: MTU 1500
[21 - Suricata-Main] 2025-10-20 00:07:33 Info: suricata: No 'host-mode': suricata is in IDS mode, using default setting 'sniffer-only'
[21 - Suricata-Main] 2025-10-20 00:07:33 Info: logopenfile: eve-log output device (regular) initialized: /var/log/suricata/eve.json
[21 - Suricata-Main] 2025-10-20 00:07:33 Warning: classification-config: could not open: "/etc/suricata//classification.config": No such file or directory
[21 - Suricata-Main] 2025-10-20 00:07:33 Error: classification-config: please check the "classification-file" option in your suricata.yaml file
[21 - Suricata-Main] 2025-10-20 00:07:33 Error: reference-config: Error opening file: "/etc/suricata//reference.config": No such file or directory
[21 - Suricata-Main] 2025-10-20 00:07:33 Error: reference-config: please check the "reference-config-file" option in your suricata.yaml file
[21 - Suricata-Main] 2025-10-20 00:07:33 Info: detect: No signatures supplied.
[21 - Suricata-Main] 2025-10-20 00:07:33 Info: runmodes: eth1: creating 16 threads
[21 - Suricata-Main] 2025-10-20 00:07:33 Info: runmodes: eth2: creating 16 threads
[21 - Suricata-Main] 2025-10-20 00:07:39 Notice: threads: Threads created -> W: 32 FM: 1 FR: 1   Engine started.
[20 - Suricata-Main] 2025-10-20 00:46:47 Notice: suricata: This is Suricata version 7.0.7 RELEASE running in SYSTEM mode
[20 - Suricata-Main] 2025-10-20 00:46:47 Info: cpu: CPUs/cores online: 16
[20 - Suricata-Main] 2025-10-20 00:46:47 Notice: runmodes: thread stack size of 131072 to too small: setting to 512k
[20 - Suricata-Main] 2025-10-20 00:46:47 Info: suricata: Setting engine mode to IDS mode by default
[20 - Suricata-Main] 2025-10-20 00:46:47 Info: ioctl: eth1: MTU 1500
[20 - Suricata-Main] 2025-10-20 00:46:47 Info: ioctl: eth2: MTU 1500
[21 - Suricata-Main] 2025-10-20 00:46:47 Info: suricata: No 'host-mode': suricata is in IDS mode, using default setting 'sniffer-only'
[21 - Suricata-Main] 2025-10-20 00:46:48 Info: logopenfile: eve-log output device (regular) initialized: /var/log/suricata/eve.json
[21 - Suricata-Main] 2025-10-20 00:46:48 Warning: classification-config: could not open: "/etc/suricata//classification.config": No such file or directory
[21 - Suricata-Main] 2025-10-20 00:46:48 Error: classification-config: please check the "classification-file" option in your suricata.yaml file
[21 - Suricata-Main] 2025-10-20 00:46:48 Error: reference-config: Error opening file: "/etc/suricata//reference.config": No such file or directory
[21 - Suricata-Main] 2025-10-20 00:46:48 Error: reference-config: please check the "reference-config-file" option in your suricata.yaml file
[21 - Suricata-Main] 2025-10-20 00:46:48 Info: detect: No signatures supplied.
[21 - Suricata-Main] 2025-10-20 00:46:48 Info: runmodes: eth1: creating 16 threads
[21 - Suricata-Main] 2025-10-20 00:46:48 Info: runmodes: eth2: creating 16 threads
[21 - Suricata-Main] 2025-10-20 00:46:53 Notice: threads: Threads created -> W: 32 FM: 1 FR: 1   Engine started.
[10 - Suricata-Main] 2025-10-20 00:54:49 Notice: suricata: This is Suricata version 7.0.7 RELEASE running in SYSTEM mode
[10 - Suricata-Main] 2025-10-20 00:54:49 Info: cpu: CPUs/cores online: 16
[10 - Suricata-Main] 2025-10-20 00:54:49 Notice: runmodes: thread stack size of 131072 to too small: setting to 512k
[10 - Suricata-Main] 2025-10-20 00:54:49 Info: suricata: Setting engine mode to IDS mode by default
[10 - Suricata-Main] 2025-10-20 00:54:49 Info: ioctl: eth1: MTU 1500
[10 - Suricata-Main] 2025-10-20 00:54:49 Info: ioctl: eth2: MTU 1500
[11 - Suricata-Main] 2025-10-20 00:54:49 Info: suricata: No 'host-mode': suricata is in IDS mode, using default setting 'sniffer-only'
[11 - Suricata-Main] 2025-10-20 00:54:49 Info: logopenfile: eve-log output device (regular) initialized: /var/log/suricata/eve.json
[11 - Suricata-Main] 2025-10-20 00:54:49 Warning: classification-config: could not open: "/etc/suricata//classification.config": No such file or directory
[11 - Suricata-Main] 2025-10-20 00:54:49 Error: classification-config: please check the "classification-file" option in your suricata.yaml file
[11 - Suricata-Main] 2025-10-20 00:54:49 Error: reference-config: Error opening file: "/etc/suricata//reference.config": No such file or directory
[11 - Suricata-Main] 2025-10-20 00:54:49 Error: reference-config: please check the "reference-config-file" option in your suricata.yaml file
[11 - Suricata-Main] 2025-10-20 00:54:49 Info: detect: No signatures supplied.
[11 - Suricata-Main] 2025-10-20 00:54:50 Info: runmodes: eth1: creating 16 threads
[11 - Suricata-Main] 2025-10-20 00:54:50 Info: runmodes: eth2: creating 16 threads
[11 - Suricata-Main] 2025-10-20 00:54:54 Notice: threads: Threads created -> W: 32 FM: 1 FR: 1   Engine started.
[10 - Suricata-Main] 2025-10-20 00:59:40 Notice: suricata: This is Suricata version 7.0.7 RELEASE running in SYSTEM mode
[10 - Suricata-Main] 2025-10-20 00:59:40 Info: cpu: CPUs/cores online: 16
[10 - Suricata-Main] 2025-10-20 00:59:40 Notice: runmodes: thread stack size of 131072 to too small: setting to 512k
[10 - Suricata-Main] 2025-10-20 00:59:40 Info: suricata: Setting engine mode to IDS mode by default
[10 - Suricata-Main] 2025-10-20 00:59:40 Info: ioctl: eth1: MTU 1500
[10 - Suricata-Main] 2025-10-20 00:59:40 Info: ioctl: eth2: MTU 1500
[11 - Suricata-Main] 2025-10-20 00:59:40 Info: suricata: No 'host-mode': suricata is in IDS mode, using default setting 'sniffer-only'
[11 - Suricata-Main] 2025-10-20 00:59:40 Info: logopenfile: eve-log output device (regular) initialized: /var/log/suricata/eve.json
[11 - Suricata-Main] 2025-10-20 00:59:40 Warning: classification-config: could not open: "/etc/suricata//classification.config": No such file or directory
[11 - Suricata-Main] 2025-10-20 00:59:40 Error: classification-config: please check the "classification-file" option in your suricata.yaml file
[11 - Suricata-Main] 2025-10-20 00:59:40 Error: reference-config: Error opening file: "/etc/suricata//reference.config": No such file or directory
[11 - Suricata-Main] 2025-10-20 00:59:40 Error: reference-config: please check the "reference-config-file" option in your suricata.yaml file
[11 - Suricata-Main] 2025-10-20 00:59:40 Info: detect: No signatures supplied.
[11 - Suricata-Main] 2025-10-20 00:59:41 Info: runmodes: eth1: creating 16 threads
[11 - Suricata-Main] 2025-10-20 00:59:41 Info: runmodes: eth2: creating 16 threads
[11 - Suricata-Main] 2025-10-20 00:59:45 Notice: threads: Threads created -> W: 32 FM: 1 FR: 1   Engine started.
[10 - Suricata-Main] 2025-10-20 01:14:25 Notice: suricata: This is Suricata version 7.0.7 RELEASE running in SYSTEM mode
[10 - Suricata-Main] 2025-10-20 01:14:25 Info: cpu: CPUs/cores online: 16
[10 - Suricata-Main] 2025-10-20 01:14:25 Notice: runmodes: thread stack size of 131072 to too small: setting to 512k
[10 - Suricata-Main] 2025-10-20 01:14:25 Info: suricata: Setting engine mode to IDS mode by default
[10 - Suricata-Main] 2025-10-20 01:14:25 Info: ioctl: eth1: MTU 1500
[10 - Suricata-Main] 2025-10-20 01:14:25 Info: ioctl: eth2: MTU 1500
[11 - Suricata-Main] 2025-10-20 01:14:25 Info: suricata: No 'host-mode': suricata is in IDS mode, using default setting 'sniffer-only'
[11 - Suricata-Main] 2025-10-20 01:14:25 Info: logopenfile: eve-log output device (regular) initialized: /var/log/suricata/eve.json
[11 - Suricata-Main] 2025-10-20 01:14:25 Warning: classification-config: could not open: "/etc/suricata//classification.config": No such file or directory
[11 - Suricata-Main] 2025-10-20 01:14:25 Error: classification-config: please check the "classification-file" option in your suricata.yaml file
[11 - Suricata-Main] 2025-10-20 01:14:25 Error: reference-config: Error opening file: "/etc/suricata//reference.config": No such file or directory
[11 - Suricata-Main] 2025-10-20 01:14:25 Error: reference-config: please check the "reference-config-file" option in your suricata.yaml file
[11 - Suricata-Main] 2025-10-20 01:14:25 Info: detect: No signatures supplied.
[11 - Suricata-Main] 2025-10-20 01:14:25 Info: runmodes: eth1: creating 16 threads
[11 - Suricata-Main] 2025-10-20 01:14:25 Info: runmodes: eth2: creating 16 threads
[11 - Suricata-Main] 2025-10-20 01:14:29 Notice: threads: Threads created -> W: 32 FM: 1 FR: 1   Engine started.
[10 - Suricata-Main] 2025-10-20 01:22:41 Notice: suricata: This is Suricata version 7.0.7 RELEASE running in SYSTEM mode
[10 - Suricata-Main] 2025-10-20 01:22:41 Info: cpu: CPUs/cores online: 16
[10 - Suricata-Main] 2025-10-20 01:22:41 Notice: runmodes: thread stack size of 131072 to too small: setting to 512k
[10 - Suricata-Main] 2025-10-20 01:22:41 Info: suricata: Setting engine mode to IDS mode by default
[10 - Suricata-Main] 2025-10-20 01:22:41 Info: ioctl: eth1: MTU 1500
[10 - Suricata-Main] 2025-10-20 01:22:41 Info: ioctl: eth2: MTU 1500
[11 - Suricata-Main] 2025-10-20 01:22:41 Info: suricata: No 'host-mode': suricata is in IDS mode, using default setting 'sniffer-only'
[11 - Suricata-Main] 2025-10-20 01:22:41 Info: logopenfile: eve-log output device (regular) initialized: /var/log/suricata/eve.json
[11 - Suricata-Main] 2025-10-20 01:22:41 Warning: classification-config: could not open: "/etc/suricata//classification.config": No such file or directory
[11 - Suricata-Main] 2025-10-20 01:22:41 Error: classification-config: please check the "classification-file" option in your suricata.yaml file
[11 - Suricata-Main] 2025-10-20 01:22:41 Error: reference-config: Error opening file: "/etc/suricata//reference.config": No such file or directory
[11 - Suricata-Main] 2025-10-20 01:22:41 Error: reference-config: please check the "reference-config-file" option in your suricata.yaml file
[11 - Suricata-Main] 2025-10-20 01:22:41 Info: detect: No signatures supplied.
[11 - Suricata-Main] 2025-10-20 01:22:41 Info: runmodes: eth1: creating 16 threads
[11 - Suricata-Main] 2025-10-20 01:22:42 Info: runmodes: eth2: creating 16 threads
[11 - Suricata-Main] 2025-10-20 01:22:46 Notice: threads: Threads created -> W: 32 FM: 1 FR: 1   Engine started.
[10 - Suricata-Main] 2025-10-20 01:25:19 Notice: suricata: This is Suricata version 7.0.7 RELEASE running in SYSTEM mode
[10 - Suricata-Main] 2025-10-20 01:25:19 Info: cpu: CPUs/cores online: 16
[10 - Suricata-Main] 2025-10-20 01:25:19 Notice: runmodes: thread stack size of 131072 to too small: setting to 512k
[10 - Suricata-Main] 2025-10-20 01:25:19 Info: suricata: Setting engine mode to IDS mode by default
[10 - Suricata-Main] 2025-10-20 01:25:19 Info: ioctl: eth1: MTU 1500
[10 - Suricata-Main] 2025-10-20 01:25:19 Info: ioctl: eth2: MTU 1500
[11 - Suricata-Main] 2025-10-20 01:25:19 Info: suricata: No 'host-mode': suricata is in IDS mode, using default setting 'sniffer-only'
[11 - Suricata-Main] 2025-10-20 01:25:19 Info: logopenfile: eve-log output device (regular) initialized: /var/log/suricata/eve.json
[11 - Suricata-Main] 2025-10-20 01:25:19 Warning: classification-config: could not open: "/etc/suricata//classification.config": No such file or directory
[11 - Suricata-Main] 2025-10-20 01:25:19 Error: classification-config: please check the "classification-file" option in your suricata.yaml file
[11 - Suricata-Main] 2025-10-20 01:25:19 Error: reference-config: Error opening file: "/etc/suricata//reference.config": No such file or directory
[11 - Suricata-Main] 2025-10-20 01:25:19 Error: reference-config: please check the "reference-config-file" option in your suricata.yaml file
[11 - Suricata-Main] 2025-10-20 01:25:19 Info: detect: No signatures supplied.
[11 - Suricata-Main] 2025-10-20 01:25:19 Info: runmodes: eth1: creating 16 threads
[11 - Suricata-Main] 2025-10-20 01:25:19 Info: runmodes: eth2: creating 16 threads
[11 - Suricata-Main] 2025-10-20 01:25:23 Notice: threads: Threads created -> W: 32 FM: 1 FR: 1   Engine started.
[10 - Suricata-Main] 2025-10-20 01:29:49 Notice: suricata: This is Suricata version 7.0.7 RELEASE running in SYSTEM mode
[10 - Suricata-Main] 2025-10-20 01:29:49 Info: cpu: CPUs/cores online: 16
[10 - Suricata-Main] 2025-10-20 01:29:49 Notice: runmodes: thread stack size of 131072 to too small: setting to 512k
[10 - Suricata-Main] 2025-10-20 01:29:49 Info: suricata: Setting engine mode to IDS mode by default
[10 - Suricata-Main] 2025-10-20 01:29:49 Info: ioctl: eth1: MTU 1500
[10 - Suricata-Main] 2025-10-20 01:29:49 Info: ioctl: eth2: MTU 1500
[11 - Suricata-Main] 2025-10-20 01:29:49 Info: suricata: No 'host-mode': suricata is in IDS mode, using default setting 'sniffer-only'
[11 - Suricata-Main] 2025-10-20 01:29:49 Info: logopenfile: eve-log output device (regular) initialized: /var/log/suricata/eve.json
[11 - Suricata-Main] 2025-10-20 01:29:49 Warning: classification-config: could not open: "/etc/suricata//classification.config": No such file or directory
[11 - Suricata-Main] 2025-10-20 01:29:49 Error: classification-config: please check the "classification-file" option in your suricata.yaml file
[11 - Suricata-Main] 2025-10-20 01:29:49 Error: reference-config: Error opening file: "/etc/suricata//reference.config": No such file or directory
[11 - Suricata-Main] 2025-10-20 01:29:49 Error: reference-config: please check the "reference-config-file" option in your suricata.yaml file
[11 - Suricata-Main] 2025-10-20 01:29:49 Info: detect: No signatures supplied.
[11 - Suricata-Main] 2025-10-20 01:29:49 Info: runmodes: eth1: creating 16 threads
[11 - Suricata-Main] 2025-10-20 01:29:49 Info: runmodes: eth2: creating 16 threads
[11 - Suricata-Main] 2025-10-20 01:29:53 Notice: threads: Threads created -> W: 32 FM: 1 FR: 1   Engine started.
[10 - Suricata-Main] 2025-10-20 01:55:57 Notice: suricata: This is Suricata version 7.0.7 RELEASE running in SYSTEM mode
[10 - Suricata-Main] 2025-10-20 01:55:57 Info: cpu: CPUs/cores online: 16
[10 - Suricata-Main] 2025-10-20 01:55:57 Notice: runmodes: thread stack size of 131072 to too small: setting to 512k
[10 - Suricata-Main] 2025-10-20 01:55:57 Info: suricata: Setting engine mode to IDS mode by default
[10 - Suricata-Main] 2025-10-20 01:55:57 Info: ioctl: eth1: MTU 1500
[10 - Suricata-Main] 2025-10-20 01:55:57 Info: ioctl: eth2: MTU 1500
[11 - Suricata-Main] 2025-10-20 01:55:57 Info: suricata: No 'host-mode': suricata is in IDS mode, using default setting 'sniffer-only'
[11 - Suricata-Main] 2025-10-20 01:55:57 Info: logopenfile: eve-log output device (regular) initialized: /var/log/suricata/eve.json
[11 - Suricata-Main] 2025-10-20 01:55:57 Warning: classification-config: could not open: "/etc/suricata//classification.config": No such file or directory
[11 - Suricata-Main] 2025-10-20 01:55:57 Error: classification-config: please check the "classification-file" option in your suricata.yaml file
[11 - Suricata-Main] 2025-10-20 01:55:57 Error: reference-config: Error opening file: "/etc/suricata//reference.config": No such file or directory
[11 - Suricata-Main] 2025-10-20 01:55:57 Error: reference-config: please check the "reference-config-file" option in your suricata.yaml file
[11 - Suricata-Main] 2025-10-20 01:55:57 Info: detect: No signatures supplied.
[11 - Suricata-Main] 2025-10-20 01:55:58 Info: runmodes: eth1: creating 16 threads
[11 - Suricata-Main] 2025-10-20 01:55:58 Info: runmodes: eth2: creating 16 threads
[11 - Suricata-Main] 2025-10-20 01:56:02 Notice: threads: Threads created -> W: 32 FM: 1 FR: 1   Engine started.
[21 - Suricata-Main] 2025-10-28 16:47:49 Notice: suricata: This is Suricata version 7.0.7 RELEASE running in SYSTEM mode
[21 - Suricata-Main] 2025-10-28 16:47:49 Info: cpu: CPUs/cores online: 16
[21 - Suricata-Main] 2025-10-28 16:47:49 Notice: runmodes: thread stack size of 131072 to too small: setting to 512k
[21 - Suricata-Main] 2025-10-28 16:47:49 Info: suricata: Setting engine mode to IDS mode by default
[21 - Suricata-Main] 2025-10-28 16:47:49 Info: ioctl: eth1: MTU 1500
[21 - Suricata-Main] 2025-10-28 16:47:49 Info: ioctl: eth2: MTU 1500
[22 - Suricata-Main] 2025-10-28 16:47:49 Info: suricata: No 'host-mode': suricata is in IDS mode, using default setting 'sniffer-only'
[22 - Suricata-Main] 2025-10-28 16:47:49 Info: logopenfile: eve-log output device (regular) initialized: /var/log/suricata/eve.json
[22 - Suricata-Main] 2025-10-28 16:47:49 Warning: classification-config: could not open: "/etc/suricata//classification.config": No such file or directory
[22 - Suricata-Main] 2025-10-28 16:47:49 Error: classification-config: please check the "classification-file" option in your suricata.yaml file
[22 - Suricata-Main] 2025-10-28 16:47:49 Error: reference-config: Error opening file: "/etc/suricata//reference.config": No such file or directory
[22 - Suricata-Main] 2025-10-28 16:47:49 Error: reference-config: please check the "reference-config-file" option in your suricata.yaml file
[22 - Suricata-Main] 2025-10-28 16:47:49 Info: detect: No signatures supplied.
[22 - Suricata-Main] 2025-10-28 16:47:50 Info: runmodes: eth1: creating 16 threads
[22 - Suricata-Main] 2025-10-28 16:47:50 Info: runmodes: eth2: creating 16 threads
[22 - Suricata-Main] 2025-10-28 16:47:50 Notice: threads: Threads created -> W: 32 FM: 1 FR: 1   Engine started.
